15:05:12:176  INFO 23060 --- [main] com.hmall.pay.PayApplication             : Starting PayApplication using Java 11.0.6 on imamh with PID 23060 (D:\编程文件\SpringCloud微服务黑马\microservice\hmall\pay-service\target\classes started by 28927 in D:\编程文件\SpringCloud微服务黑马\microservice\hmall)
15:05:12:179 DEBUG 23060 --- [main] com.hmall.pay.PayApplication             : Running with Spring Boot v2.7.12, Spring v5.3.27
15:05:12:181  INFO 23060 --- [main] com.hmall.pay.PayApplication             : The following 1 profile is active: "dev"
15:05:13:429  INFO 23060 --- [main] o.s.cloud.context.scope.GenericScope     : BeanFactory id=bf3f2c6a-69db-3f37-8e2b-46b251df93af
15:05:13:831  INFO 23060 --- [main] o.s.b.w.embedded.tomcat.TomcatWebServer  : Tomcat initialized with port(s): 8086 (http)
15:05:13:833  INFO 23060 --- [main] o.a.catalina.core.AprLifecycleListener   : Loaded Apache Tomcat Native library [2.0.6] using APR version [1.7.4].
15:05:13:833  INFO 23060 --- [main] o.a.catalina.core.AprLifecycleListener   : APR capabilities: IPv6 [true], sendfile [true], accept filters [false], random [true], UDS [true].
15:05:13:833  INFO 23060 --- [main] o.a.catalina.core.AprLifecycleListener   : APR/OpenSSL configuration: useAprConnector [false], useOpenSSL [true]
15:05:13:838  INFO 23060 --- [main] o.a.catalina.core.AprLifecycleListener   : OpenSSL successfully initialized [OpenSSL 3.0.11 19 Sep 2023]
15:05:13:848  INFO 23060 --- [main] o.apache.catalina.core.StandardService   : Starting service [Tomcat]
15:05:13:848  INFO 23060 --- [main] org.apache.catalina.core.StandardEngine  : Starting Servlet engine: [Apache Tomcat/9.0.75]
15:05:14:054  INFO 23060 --- [main] o.a.c.c.C.[Tomcat].[localhost].[/]       : Initializing Spring embedded WebApplicationContext
15:05:14:055  INFO 23060 --- [main] w.s.c.ServletWebServerApplicationContext : Root WebApplicationContext: initialization completed in 1812 ms
15:05:14:286  INFO 23060 --- [main] o.s.c.openfeign.FeignClientFactoryBean   : For 'user-service' URL not provided. Will try picking an instance via load-balancing.
15:05:14:534  INFO 23060 --- [main] o.s.c.openfeign.FeignClientFactoryBean   : For 'trade-service' URL not provided. Will try picking an instance via load-balancing.
15:05:18:773  INFO 23060 --- [main] pertySourcedRequestMappingHandlerMapping : Mapped URL path [/v2/api-docs] onto method [springfox.documentation.swagger2.web.Swagger2ControllerWebMvc#getDocumentation(String, HttpServletRequest)]
15:05:20:053  INFO 23060 --- [main] com.alibaba.nacos.common.remote.client   : [RpcClientFactory] create a new rpc client of 09dcce23-4382-4644-8861-dd1c55e21b96
15:05:20:106  INFO 23060 --- [main] org.reflections.Reflections              : Reflections took 28 ms to scan 1 urls, producing 3 keys and 6 values 
15:05:20:138  INFO 23060 --- [main] org.reflections.Reflections              : Reflections took 9 ms to scan 1 urls, producing 4 keys and 9 values 
15:05:20:149  INFO 23060 --- [main] org.reflections.Reflections              : Reflections took 7 ms to scan 1 urls, producing 3 keys and 10 values 
15:05:20:153  WARN 23060 --- [main] org.reflections.Reflections              : given scan urls are empty. set urls in the configuration
15:05:20:160  INFO 23060 --- [main] org.reflections.Reflections              : Reflections took 6 ms to scan 1 urls, producing 1 keys and 5 values 
15:05:20:171  INFO 23060 --- [main] org.reflections.Reflections              : Reflections took 9 ms to scan 1 urls, producing 1 keys and 7 values 
15:05:20:180  INFO 23060 --- [main] org.reflections.Reflections              : Reflections took 6 ms to scan 1 urls, producing 2 keys and 8 values 
15:05:20:183  WARN 23060 --- [main] org.reflections.Reflections              : given scan urls are empty. set urls in the configuration
15:05:20:184  INFO 23060 --- [main] com.alibaba.nacos.common.remote.client   : [09dcce23-4382-4644-8861-dd1c55e21b96] RpcClient init label, labels = {module=naming, source=sdk}
15:05:20:187  INFO 23060 --- [main] com.alibaba.nacos.common.remote.client   : [09dcce23-4382-4644-8861-dd1c55e21b96] RpcClient init, ServerListFactory = com.alibaba.nacos.client.naming.core.ServerListManager
15:05:20:187  INFO 23060 --- [main] com.alibaba.nacos.common.remote.client   : [09dcce23-4382-4644-8861-dd1c55e21b96] Registry connection listener to current client:com.alibaba.nacos.client.naming.remote.gprc.redo.NamingGrpcRedoService
15:05:20:188  INFO 23060 --- [main] com.alibaba.nacos.common.remote.client   : [09dcce23-4382-4644-8861-dd1c55e21b96] Register server push request handler:com.alibaba.nacos.client.naming.remote.gprc.NamingPushRequestHandler
15:05:20:190  INFO 23060 --- [main] com.alibaba.nacos.common.remote.client   : [09dcce23-4382-4644-8861-dd1c55e21b96] Try to connect to server on start up, server: {serverIp = '192.168.224.128', server main port = 8848}
15:05:23:504  INFO 23060 --- [main] com.alibaba.nacos.common.remote.client   : [09dcce23-4382-4644-8861-dd1c55e21b96] Success to connect to server [192.168.224.128:8848] on start up, connectionId = 1715583923295_192.168.224.1_58760
15:05:23:505  INFO 23060 --- [com.alibaba.nacos.client.remote.worker] com.alibaba.nacos.common.remote.client   : [09dcce23-4382-4644-8861-dd1c55e21b96] Notify connected event to listeners.
15:05:23:507  INFO 23060 --- [main] com.alibaba.nacos.common.remote.client   : [09dcce23-4382-4644-8861-dd1c55e21b96] Register server push request handler:com.alibaba.nacos.common.remote.client.RpcClient$ConnectResetRequestHandler
15:05:23:507  INFO 23060 --- [main] com.alibaba.nacos.common.remote.client   : [09dcce23-4382-4644-8861-dd1c55e21b96] Register server push request handler:com.alibaba.nacos.common.remote.client.RpcClient$$Lambda$989/0x0000000800827c40
15:05:23:571  INFO 23060 --- [main] o.s.b.w.embedded.tomcat.TomcatWebServer  : Tomcat started on port(s): 8086 (http) with context path ''
15:05:23:583  INFO 23060 --- [main] c.a.c.n.registry.NacosServiceRegistry    : nacos registry, DEFAULT_GROUP pay-service 192.168.3.59:8086 register finished
15:05:24:079  INFO 23060 --- [nacos-grpc-client-executor-8] com.alibaba.nacos.common.remote.client   : [09dcce23-4382-4644-8861-dd1c55e21b96] Receive server push request, request = NotifySubscriberRequest, requestId = 62
15:05:24:083  INFO 23060 --- [nacos-grpc-client-executor-8] com.alibaba.nacos.common.remote.client   : [09dcce23-4382-4644-8861-dd1c55e21b96] Ack server push request, request = NotifySubscriberRequest, requestId = 62
15:05:24:650  INFO 23060 --- [main] d.s.w.p.DocumentationPluginsBootstrapper : Documentation plugins bootstrapped
15:05:24:654  INFO 23060 --- [main] d.s.w.p.DocumentationPluginsBootstrapper : Found 1 custom documentation plugin(s)
15:05:24:680  INFO 23060 --- [main] s.d.s.w.s.ApiListingReferenceScanner     : Scanning for api listing references
15:05:24:693  INFO 23060 --- [main] com.hmall.pay.PayApplication             : Started PayApplication in 14.356 seconds (JVM running for 16.431)
15:06:34:913  WARN 23060 --- [Thread-4] c.a.nacos.common.notify.NotifyCenter     : [NotifyCenter] Start destroying Publisher
15:06:34:914  WARN 23060 --- [Thread-7] c.a.n.common.http.HttpClientBeanHolder   : [HttpClientBeanHolder] Start destroying common HttpClient
15:06:34:914  WARN 23060 --- [Thread-4] c.a.nacos.common.notify.NotifyCenter     : [NotifyCenter] Destruction of the end
15:06:34:915  WARN 23060 --- [Thread-7] c.a.n.common.http.HttpClientBeanHolder   : [HttpClientBeanHolder] Destruction of the end
15:06:35:731  INFO 23060 --- [SpringApplicationShutdownHook] c.a.c.n.registry.NacosServiceRegistry    : De-registering from Nacos Server now...
15:06:35:736  INFO 23060 --- [SpringApplicationShutdownHook] c.a.c.n.registry.NacosServiceRegistry    : De-registration finished.
15:06:36:044  INFO 23060 --- [SpringApplicationShutdownHook] com.alibaba.nacos.common.remote.client   : Shutdown rpc client, set status to shutdown
15:06:36:044  INFO 23060 --- [SpringApplicationShutdownHook] com.alibaba.nacos.common.remote.client   : Shutdown client event executor java.util.concurrent.ScheduledThreadPoolExecutor@1da51703[Running, pool size = 2, active threads = 2, queued tasks = 0, completed tasks = 0]
15:06:36:045  INFO 23060 --- [SpringApplicationShutdownHook] com.alibaba.nacos.common.remote.client   : Close current connection 1715583923295_192.168.224.1_58760
15:06:36:048  INFO 23060 --- [nacos-grpc-client-executor-27] c.a.n.c.remote.client.grpc.GrpcClient    : [1715583923295_192.168.224.1_58760]Ignore complete event,isRunning:false,isAbandon=false
15:06:36:052  INFO 23060 --- [SpringApplicationShutdownHook] c.a.n.c.remote.client.grpc.GrpcClient    : Shutdown grpc executor java.util.concurrent.ThreadPoolExecutor@49ba58a1[Running, pool size = 5, active threads = 0, queued tasks = 0, completed tasks = 28]
15:06:45:802  INFO 21520 --- [main] com.hmall.pay.PayApplication             : Starting PayApplication using Java 11.0.6 on imamh with PID 21520 (D:\编程文件\SpringCloud微服务黑马\microservice\hmall\pay-service\target\classes started by 28927 in D:\编程文件\SpringCloud微服务黑马\microservice\hmall)
15:06:45:806 DEBUG 21520 --- [main] com.hmall.pay.PayApplication             : Running with Spring Boot v2.7.12, Spring v5.3.27
15:06:45:807  INFO 21520 --- [main] com.hmall.pay.PayApplication             : The following 1 profile is active: "dev"
15:06:47:067  INFO 21520 --- [main] o.s.cloud.context.scope.GenericScope     : BeanFactory id=c7fe33d9-ccc4-3004-820a-bfc28185d02f
15:06:47:475  INFO 21520 --- [main] o.s.b.w.embedded.tomcat.TomcatWebServer  : Tomcat initialized with port(s): 8086 (http)
15:06:47:476  INFO 21520 --- [main] o.a.catalina.core.AprLifecycleListener   : Loaded Apache Tomcat Native library [2.0.6] using APR version [1.7.4].
15:06:47:476  INFO 21520 --- [main] o.a.catalina.core.AprLifecycleListener   : APR capabilities: IPv6 [true], sendfile [true], accept filters [false], random [true], UDS [true].
15:06:47:476  INFO 21520 --- [main] o.a.catalina.core.AprLifecycleListener   : APR/OpenSSL configuration: useAprConnector [false], useOpenSSL [true]
15:06:47:482  INFO 21520 --- [main] o.a.catalina.core.AprLifecycleListener   : OpenSSL successfully initialized [OpenSSL 3.0.11 19 Sep 2023]
15:06:47:491  INFO 21520 --- [main] o.apache.catalina.core.StandardService   : Starting service [Tomcat]
15:06:47:491  INFO 21520 --- [main] org.apache.catalina.core.StandardEngine  : Starting Servlet engine: [Apache Tomcat/9.0.75]
15:06:47:707  INFO 21520 --- [main] o.a.c.c.C.[Tomcat].[localhost].[/]       : Initializing Spring embedded WebApplicationContext
15:06:47:708  INFO 21520 --- [main] w.s.c.ServletWebServerApplicationContext : Root WebApplicationContext: initialization completed in 1847 ms
15:06:47:950  INFO 21520 --- [main] o.s.c.openfeign.FeignClientFactoryBean   : For 'user-service' URL not provided. Will try picking an instance via load-balancing.
15:06:48:244  INFO 21520 --- [main] o.s.c.openfeign.FeignClientFactoryBean   : For 'trade-service' URL not provided. Will try picking an instance via load-balancing.
15:06:52:868  INFO 21520 --- [main] pertySourcedRequestMappingHandlerMapping : Mapped URL path [/v2/api-docs] onto method [springfox.documentation.swagger2.web.Swagger2ControllerWebMvc#getDocumentation(String, HttpServletRequest)]
15:06:54:239  INFO 21520 --- [main] com.alibaba.nacos.common.remote.client   : [RpcClientFactory] create a new rpc client of 2878286a-0540-4a38-8bf2-1e4cfac08a7e
15:06:54:287  INFO 21520 --- [main] org.reflections.Reflections              : Reflections took 26 ms to scan 1 urls, producing 3 keys and 6 values 
15:06:54:317  INFO 21520 --- [main] org.reflections.Reflections              : Reflections took 10 ms to scan 1 urls, producing 4 keys and 9 values 
15:06:54:327  INFO 21520 --- [main] org.reflections.Reflections              : Reflections took 7 ms to scan 1 urls, producing 3 keys and 10 values 
15:06:54:332  WARN 21520 --- [main] org.reflections.Reflections              : given scan urls are empty. set urls in the configuration
15:06:54:344  INFO 21520 --- [main] org.reflections.Reflections              : Reflections took 11 ms to scan 1 urls, producing 1 keys and 5 values 
15:06:54:356  INFO 21520 --- [main] org.reflections.Reflections              : Reflections took 8 ms to scan 1 urls, producing 1 keys and 7 values 
15:06:54:368  INFO 21520 --- [main] org.reflections.Reflections              : Reflections took 7 ms to scan 1 urls, producing 2 keys and 8 values 
15:06:54:371  WARN 21520 --- [main] org.reflections.Reflections              : given scan urls are empty. set urls in the configuration
15:06:54:373  INFO 21520 --- [main] com.alibaba.nacos.common.remote.client   : [2878286a-0540-4a38-8bf2-1e4cfac08a7e] RpcClient init label, labels = {module=naming, source=sdk}
15:06:54:375  INFO 21520 --- [main] com.alibaba.nacos.common.remote.client   : [2878286a-0540-4a38-8bf2-1e4cfac08a7e] RpcClient init, ServerListFactory = com.alibaba.nacos.client.naming.core.ServerListManager
15:06:54:375  INFO 21520 --- [main] com.alibaba.nacos.common.remote.client   : [2878286a-0540-4a38-8bf2-1e4cfac08a7e] Registry connection listener to current client:com.alibaba.nacos.client.naming.remote.gprc.redo.NamingGrpcRedoService
15:06:54:376  INFO 21520 --- [main] com.alibaba.nacos.common.remote.client   : [2878286a-0540-4a38-8bf2-1e4cfac08a7e] Register server push request handler:com.alibaba.nacos.client.naming.remote.gprc.NamingPushRequestHandler
15:06:54:378  INFO 21520 --- [main] com.alibaba.nacos.common.remote.client   : [2878286a-0540-4a38-8bf2-1e4cfac08a7e] Try to connect to server on start up, server: {serverIp = '192.168.224.128', server main port = 8848}
15:06:58:013  INFO 21520 --- [main] com.alibaba.nacos.common.remote.client   : [2878286a-0540-4a38-8bf2-1e4cfac08a7e] Success to connect to server [192.168.224.128:8848] on start up, connectionId = 1715584017785_192.168.224.1_58944
15:06:58:015  INFO 21520 --- [com.alibaba.nacos.client.remote.worker] com.alibaba.nacos.common.remote.client   : [2878286a-0540-4a38-8bf2-1e4cfac08a7e] Notify connected event to listeners.
15:06:58:016  INFO 21520 --- [main] com.alibaba.nacos.common.remote.client   : [2878286a-0540-4a38-8bf2-1e4cfac08a7e] Register server push request handler:com.alibaba.nacos.common.remote.client.RpcClient$ConnectResetRequestHandler
15:06:58:016  INFO 21520 --- [main] com.alibaba.nacos.common.remote.client   : [2878286a-0540-4a38-8bf2-1e4cfac08a7e] Register server push request handler:com.alibaba.nacos.common.remote.client.RpcClient$$Lambda$990/0x00000008007a7c40
15:06:58:101  INFO 21520 --- [main] o.s.b.w.embedded.tomcat.TomcatWebServer  : Tomcat started on port(s): 8086 (http) with context path ''
15:06:58:116  INFO 21520 --- [main] c.a.c.n.registry.NacosServiceRegistry    : nacos registry, DEFAULT_GROUP pay-service 192.168.3.59:8086 register finished
15:06:58:595  INFO 21520 --- [nacos-grpc-client-executor-9] com.alibaba.nacos.common.remote.client   : [2878286a-0540-4a38-8bf2-1e4cfac08a7e] Receive server push request, request = NotifySubscriberRequest, requestId = 63
15:06:58:599  INFO 21520 --- [nacos-grpc-client-executor-9] com.alibaba.nacos.common.remote.client   : [2878286a-0540-4a38-8bf2-1e4cfac08a7e] Ack server push request, request = NotifySubscriberRequest, requestId = 63
15:06:59:203  INFO 21520 --- [main] d.s.w.p.DocumentationPluginsBootstrapper : Documentation plugins bootstrapped
15:06:59:207  INFO 21520 --- [main] d.s.w.p.DocumentationPluginsBootstrapper : Found 1 custom documentation plugin(s)
15:06:59:237  INFO 21520 --- [main] s.d.s.w.s.ApiListingReferenceScanner     : Scanning for api listing references
15:06:59:336  INFO 21520 --- [main] com.hmall.pay.PayApplication             : Started PayApplication in 15.304 seconds (JVM running for 17.077)
15:06:59:740  WARN 21520 --- [Thread-7] c.a.n.common.http.HttpClientBeanHolder   : [HttpClientBeanHolder] Start destroying common HttpClient
15:06:59:740  WARN 21520 --- [Thread-4] c.a.nacos.common.notify.NotifyCenter     : [NotifyCenter] Start destroying Publisher
15:06:59:741  WARN 21520 --- [Thread-4] c.a.nacos.common.notify.NotifyCenter     : [NotifyCenter] Destruction of the end
15:06:59:741  WARN 21520 --- [Thread-7] c.a.n.common.http.HttpClientBeanHolder   : [HttpClientBeanHolder] Destruction of the end
15:07:00:548  INFO 21520 --- [SpringApplicationShutdownHook] c.a.c.n.registry.NacosServiceRegistry    : De-registering from Nacos Server now...
15:07:00:555  INFO 21520 --- [SpringApplicationShutdownHook] c.a.c.n.registry.NacosServiceRegistry    : De-registration finished.
15:07:01:121  INFO 21520 --- [nacos-grpc-client-executor-14] com.alibaba.nacos.common.remote.client   : [2878286a-0540-4a38-8bf2-1e4cfac08a7e] Receive server push request, request = NotifySubscriberRequest, requestId = 64
15:07:01:123  INFO 21520 --- [nacos-grpc-client-executor-14] com.alibaba.nacos.common.remote.client   : [2878286a-0540-4a38-8bf2-1e4cfac08a7e] Ack server push request, request = NotifySubscriberRequest, requestId = 64
15:07:01:172  INFO 21520 --- [SpringApplicationShutdownHook] com.alibaba.nacos.common.remote.client   : Shutdown rpc client, set status to shutdown
15:07:01:173  INFO 21520 --- [SpringApplicationShutdownHook] com.alibaba.nacos.common.remote.client   : Shutdown client event executor java.util.concurrent.ScheduledThreadPoolExecutor@53cfd0ec[Running, pool size = 2, active threads = 2, queued tasks = 0, completed tasks = 0]
15:07:01:173  INFO 21520 --- [SpringApplicationShutdownHook] com.alibaba.nacos.common.remote.client   : Close current connection 1715584017785_192.168.224.1_58944
15:07:01:176  INFO 21520 --- [nacos-grpc-client-executor-15] c.a.n.c.remote.client.grpc.GrpcClient    : [1715584017785_192.168.224.1_58944]Ignore complete event,isRunning:false,isAbandon=false
15:07:01:179  INFO 21520 --- [SpringApplicationShutdownHook] c.a.n.c.remote.client.grpc.GrpcClient    : Shutdown grpc executor java.util.concurrent.ThreadPoolExecutor@54ee7989[Running, pool size = 16, active threads = 0, queued tasks = 0, completed tasks = 16]
15:07:07:025  INFO 22936 --- [main] com.hmall.pay.PayApplication             : Starting PayApplication using Java 11.0.6 on imamh with PID 22936 (D:\编程文件\SpringCloud微服务黑马\microservice\hmall\pay-service\target\classes started by 28927 in D:\编程文件\SpringCloud微服务黑马\microservice\hmall)
15:07:07:029 DEBUG 22936 --- [main] com.hmall.pay.PayApplication             : Running with Spring Boot v2.7.12, Spring v5.3.27
15:07:07:029  INFO 22936 --- [main] com.hmall.pay.PayApplication             : The following 1 profile is active: "local"
15:07:08:254  INFO 22936 --- [main] o.s.cloud.context.scope.GenericScope     : BeanFactory id=c7fe33d9-ccc4-3004-820a-bfc28185d02f
15:07:08:679  INFO 22936 --- [main] o.s.b.w.embedded.tomcat.TomcatWebServer  : Tomcat initialized with port(s): 8086 (http)
15:07:08:680  INFO 22936 --- [main] o.a.catalina.core.AprLifecycleListener   : Loaded Apache Tomcat Native library [2.0.6] using APR version [1.7.4].
15:07:08:680  INFO 22936 --- [main] o.a.catalina.core.AprLifecycleListener   : APR capabilities: IPv6 [true], sendfile [true], accept filters [false], random [true], UDS [true].
15:07:08:680  INFO 22936 --- [main] o.a.catalina.core.AprLifecycleListener   : APR/OpenSSL configuration: useAprConnector [false], useOpenSSL [true]
15:07:08:687  INFO 22936 --- [main] o.a.catalina.core.AprLifecycleListener   : OpenSSL successfully initialized [OpenSSL 3.0.11 19 Sep 2023]
15:07:08:696  INFO 22936 --- [main] o.apache.catalina.core.StandardService   : Starting service [Tomcat]
15:07:08:696  INFO 22936 --- [main] org.apache.catalina.core.StandardEngine  : Starting Servlet engine: [Apache Tomcat/9.0.75]
15:07:08:900  INFO 22936 --- [main] o.a.c.c.C.[Tomcat].[localhost].[/]       : Initializing Spring embedded WebApplicationContext
15:07:08:901  INFO 22936 --- [main] w.s.c.ServletWebServerApplicationContext : Root WebApplicationContext: initialization completed in 1819 ms
15:07:09:146  INFO 22936 --- [main] o.s.c.openfeign.FeignClientFactoryBean   : For 'user-service' URL not provided. Will try picking an instance via load-balancing.
15:07:09:413  INFO 22936 --- [main] o.s.c.openfeign.FeignClientFactoryBean   : For 'trade-service' URL not provided. Will try picking an instance via load-balancing.
15:07:13:675  INFO 22936 --- [main] pertySourcedRequestMappingHandlerMapping : Mapped URL path [/v2/api-docs] onto method [springfox.documentation.swagger2.web.Swagger2ControllerWebMvc#getDocumentation(String, HttpServletRequest)]
15:07:14:971  INFO 22936 --- [main] com.alibaba.nacos.common.remote.client   : [RpcClientFactory] create a new rpc client of 3f53e47a-c784-41d9-bd7c-bf46162bd2e4
15:07:15:047  INFO 22936 --- [main] org.reflections.Reflections              : Reflections took 52 ms to scan 1 urls, producing 3 keys and 6 values 
15:07:15:076  INFO 22936 --- [main] org.reflections.Reflections              : Reflections took 10 ms to scan 1 urls, producing 4 keys and 9 values 
15:07:15:088  INFO 22936 --- [main] org.reflections.Reflections              : Reflections took 8 ms to scan 1 urls, producing 3 keys and 10 values 
15:07:15:092  WARN 22936 --- [main] org.reflections.Reflections              : given scan urls are empty. set urls in the configuration
15:07:15:100  INFO 22936 --- [main] org.reflections.Reflections              : Reflections took 7 ms to scan 1 urls, producing 1 keys and 5 values 
15:07:15:111  INFO 22936 --- [main] org.reflections.Reflections              : Reflections took 8 ms to scan 1 urls, producing 1 keys and 7 values 
15:07:15:121  INFO 22936 --- [main] org.reflections.Reflections              : Reflections took 7 ms to scan 1 urls, producing 2 keys and 8 values 
15:07:15:124  WARN 22936 --- [main] org.reflections.Reflections              : given scan urls are empty. set urls in the configuration
15:07:15:125  INFO 22936 --- [main] com.alibaba.nacos.common.remote.client   : [3f53e47a-c784-41d9-bd7c-bf46162bd2e4] RpcClient init label, labels = {module=naming, source=sdk}
15:07:15:127  INFO 22936 --- [main] com.alibaba.nacos.common.remote.client   : [3f53e47a-c784-41d9-bd7c-bf46162bd2e4] RpcClient init, ServerListFactory = com.alibaba.nacos.client.naming.core.ServerListManager
15:07:15:127  INFO 22936 --- [main] com.alibaba.nacos.common.remote.client   : [3f53e47a-c784-41d9-bd7c-bf46162bd2e4] Registry connection listener to current client:com.alibaba.nacos.client.naming.remote.gprc.redo.NamingGrpcRedoService
15:07:15:129  INFO 22936 --- [main] com.alibaba.nacos.common.remote.client   : [3f53e47a-c784-41d9-bd7c-bf46162bd2e4] Register server push request handler:com.alibaba.nacos.client.naming.remote.gprc.NamingPushRequestHandler
15:07:15:130  INFO 22936 --- [main] com.alibaba.nacos.common.remote.client   : [3f53e47a-c784-41d9-bd7c-bf46162bd2e4] Try to connect to server on start up, server: {serverIp = '192.168.224.128', server main port = 8848}
15:07:18:456  INFO 22936 --- [main] com.alibaba.nacos.common.remote.client   : [3f53e47a-c784-41d9-bd7c-bf46162bd2e4] Success to connect to server [192.168.224.128:8848] on start up, connectionId = 1715584038238_192.168.224.1_59050
15:07:18:457  INFO 22936 --- [com.alibaba.nacos.client.remote.worker] com.alibaba.nacos.common.remote.client   : [3f53e47a-c784-41d9-bd7c-bf46162bd2e4] Notify connected event to listeners.
15:07:18:458  INFO 22936 --- [main] com.alibaba.nacos.common.remote.client   : [3f53e47a-c784-41d9-bd7c-bf46162bd2e4] Register server push request handler:com.alibaba.nacos.common.remote.client.RpcClient$ConnectResetRequestHandler
15:07:18:459  INFO 22936 --- [main] com.alibaba.nacos.common.remote.client   : [3f53e47a-c784-41d9-bd7c-bf46162bd2e4] Register server push request handler:com.alibaba.nacos.common.remote.client.RpcClient$$Lambda$989/0x00000008007a7040
15:07:18:526  INFO 22936 --- [main] o.s.b.w.embedded.tomcat.TomcatWebServer  : Tomcat started on port(s): 8086 (http) with context path ''
15:07:18:539  INFO 22936 --- [main] c.a.c.n.registry.NacosServiceRegistry    : nacos registry, DEFAULT_GROUP pay-service 192.168.3.59:8086 register finished
15:07:19:085  INFO 22936 --- [nacos-grpc-client-executor-8] com.alibaba.nacos.common.remote.client   : [3f53e47a-c784-41d9-bd7c-bf46162bd2e4] Receive server push request, request = NotifySubscriberRequest, requestId = 65
15:07:19:087  INFO 22936 --- [nacos-grpc-client-executor-8] com.alibaba.nacos.common.remote.client   : [3f53e47a-c784-41d9-bd7c-bf46162bd2e4] Ack server push request, request = NotifySubscriberRequest, requestId = 65
15:07:19:553  INFO 22936 --- [main] d.s.w.p.DocumentationPluginsBootstrapper : Documentation plugins bootstrapped
15:07:19:558  INFO 22936 --- [main] d.s.w.p.DocumentationPluginsBootstrapper : Found 1 custom documentation plugin(s)
15:07:19:607  INFO 22936 --- [main] s.d.s.w.s.ApiListingReferenceScanner     : Scanning for api listing references
15:07:19:709  INFO 22936 --- [main] com.hmall.pay.PayApplication             : Started PayApplication in 14.432 seconds (JVM running for 16.195)
15:07:39:009  INFO 22936 --- [http-nio-8086-exec-1] o.a.c.c.C.[Tomcat].[localhost].[/]       : Initializing Spring DispatcherServlet 'dispatcherServlet'
15:07:39:009  INFO 22936 --- [http-nio-8086-exec-1] o.s.web.servlet.DispatcherServlet        : Initializing Servlet 'dispatcherServlet'
15:07:39:012  INFO 22936 --- [http-nio-8086-exec-1] o.s.web.servlet.DispatcherServlet        : Completed initialization in 2 ms
15:24:54:425  INFO 22936 --- [com.alibaba.nacos.client.remote.worker] com.alibaba.nacos.common.remote.client   : [3f53e47a-c784-41d9-bd7c-bf46162bd2e4] Server healthy check fail, currentConnection = 1715584038238_192.168.224.1_59050
15:24:54:425  INFO 22936 --- [com.alibaba.nacos.client.remote.worker] com.alibaba.nacos.common.remote.client   : [3f53e47a-c784-41d9-bd7c-bf46162bd2e4] Try to reconnect to a new server, server is  not appointed, will choose a random server.
15:24:57:438 ERROR 22936 --- [com.alibaba.nacos.client.remote.worker] c.a.n.c.remote.client.grpc.GrpcClient    : Server check fail, please check server 192.168.224.128 ,port 9848 is available , error ={}

java.util.concurrent.TimeoutException: Waited 3000 milliseconds (plus 4 milliseconds, 577300 nanoseconds delay) for com.alibaba.nacos.shaded.io.grpc.stub.ClientCalls$GrpcFuture@b6d3635[status=PENDING, info=[GrpcFuture{clientCall={delegate={delegate=ClientCallImpl{method=MethodDescriptor{fullMethodName=Request/request, type=UNARY, idempotent=false, safe=false, sampledToLocalTracing=true, requestMarshaller=com.alibaba.nacos.shaded.io.grpc.protobuf.lite.ProtoLiteUtils$MessageMarshaller@335c9e4a, responseMarshaller=com.alibaba.nacos.shaded.io.grpc.protobuf.lite.ProtoLiteUtils$MessageMarshaller@44f63de2, schemaDescriptor=com.alibaba.nacos.api.grpc.auto.RequestGrpc$RequestMethodDescriptorSupplier@162e24d1}}}}}]]
	at com.alibaba.nacos.shaded.com.google.common.util.concurrent.AbstractFuture.get(AbstractFuture.java:508) ~[nacos-client-2.0.4.jar:na]
	at com.alibaba.nacos.common.remote.client.grpc.GrpcClient.serverCheck(GrpcClient.java:148) ~[nacos-client-2.0.4.jar:na]
	at com.alibaba.nacos.common.remote.client.grpc.GrpcClient.connectToServer(GrpcClient.java:264) ~[nacos-client-2.0.4.jar:na]
	at com.alibaba.nacos.common.remote.client.RpcClient.reconnect(RpcClient.java:522) ~[nacos-client-2.0.4.jar:na]
	at com.alibaba.nacos.common.remote.client.RpcClient.lambda$start$2(RpcClient.java:370) ~[nacos-client-2.0.4.jar:na]
	at java.base/java.util.concurrent.Executors$RunnableAdapter.call(Executors.java:515) ~[na:na]
	at java.base/java.util.concurrent.FutureTask.run$$$capture(FutureTask.java:264) ~[na:na]
	at java.base/java.util.concurrent.FutureTask.run(FutureTask.java) ~[na:na]
	at java.base/java.util.concurrent.ScheduledThreadPoolExecutor$ScheduledFutureTask.run(ScheduledThreadPoolExecutor.java:304) ~[na:na]
	at java.base/java.util.concurrent.ThreadPoolExecutor.runWorker(ThreadPoolExecutor.java:1128) ~[na:na]
	at java.base/java.util.concurrent.ThreadPoolExecutor$Worker.run(ThreadPoolExecutor.java:628) ~[na:na]
	at java.base/java.lang.Thread.run(Thread.java:834) ~[na:na]

15:25:00:577 ERROR 22936 --- [com.alibaba.nacos.client.remote.worker] c.a.n.c.remote.client.grpc.GrpcClient    : Server check fail, please check server 192.168.224.128 ,port 9848 is available , error ={}

java.util.concurrent.TimeoutException: Waited 3000 milliseconds (plus 14 milliseconds, 915100 nanoseconds delay) for com.alibaba.nacos.shaded.io.grpc.stub.ClientCalls$GrpcFuture@16cb51d7[status=PENDING, info=[GrpcFuture{clientCall={delegate={delegate=ClientCallImpl{method=MethodDescriptor{fullMethodName=Request/request, type=UNARY, idempotent=false, safe=false, sampledToLocalTracing=true, requestMarshaller=com.alibaba.nacos.shaded.io.grpc.protobuf.lite.ProtoLiteUtils$MessageMarshaller@335c9e4a, responseMarshaller=com.alibaba.nacos.shaded.io.grpc.protobuf.lite.ProtoLiteUtils$MessageMarshaller@44f63de2, schemaDescriptor=com.alibaba.nacos.api.grpc.auto.RequestGrpc$RequestMethodDescriptorSupplier@162e24d1}}}}}]]
	at com.alibaba.nacos.shaded.com.google.common.util.concurrent.AbstractFuture.get(AbstractFuture.java:508) ~[nacos-client-2.0.4.jar:na]
	at com.alibaba.nacos.common.remote.client.grpc.GrpcClient.serverCheck(GrpcClient.java:148) ~[nacos-client-2.0.4.jar:na]
	at com.alibaba.nacos.common.remote.client.grpc.GrpcClient.connectToServer(GrpcClient.java:264) ~[nacos-client-2.0.4.jar:na]
	at com.alibaba.nacos.common.remote.client.RpcClient.reconnect(RpcClient.java:522) ~[nacos-client-2.0.4.jar:na]
	at com.alibaba.nacos.common.remote.client.RpcClient.lambda$start$2(RpcClient.java:370) ~[nacos-client-2.0.4.jar:na]
	at java.base/java.util.concurrent.Executors$RunnableAdapter.call(Executors.java:515) ~[na:na]
	at java.base/java.util.concurrent.FutureTask.run$$$capture(FutureTask.java:264) ~[na:na]
	at java.base/java.util.concurrent.FutureTask.run(FutureTask.java) ~[na:na]
	at java.base/java.util.concurrent.ScheduledThreadPoolExecutor$ScheduledFutureTask.run(ScheduledThreadPoolExecutor.java:304) ~[na:na]
	at java.base/java.util.concurrent.ThreadPoolExecutor.runWorker(ThreadPoolExecutor.java:1128) ~[na:na]
	at java.base/java.util.concurrent.ThreadPoolExecutor$Worker.run(ThreadPoolExecutor.java:628) ~[na:na]
	at java.base/java.lang.Thread.run(Thread.java:834) ~[na:na]

15:25:00:578  INFO 22936 --- [com.alibaba.nacos.client.remote.worker] com.alibaba.nacos.common.remote.client   : [3f53e47a-c784-41d9-bd7c-bf46162bd2e4] Fail to connect server, after trying 1 times, last try server is {serverIp = '192.168.224.128', server main port = 8848}, error = unknown
15:25:03:798 ERROR 22936 --- [com.alibaba.nacos.client.remote.worker] c.a.n.c.remote.client.grpc.GrpcClient    : Server check fail, please check server 192.168.224.128 ,port 9848 is available , error ={}

java.util.concurrent.TimeoutException: Waited 3000 milliseconds (plus 12 milliseconds, 659700 nanoseconds delay) for com.alibaba.nacos.shaded.io.grpc.stub.ClientCalls$GrpcFuture@10e798c8[status=PENDING, info=[GrpcFuture{clientCall={delegate={delegate=ClientCallImpl{method=MethodDescriptor{fullMethodName=Request/request, type=UNARY, idempotent=false, safe=false, sampledToLocalTracing=true, requestMarshaller=com.alibaba.nacos.shaded.io.grpc.protobuf.lite.ProtoLiteUtils$MessageMarshaller@335c9e4a, responseMarshaller=com.alibaba.nacos.shaded.io.grpc.protobuf.lite.ProtoLiteUtils$MessageMarshaller@44f63de2, schemaDescriptor=com.alibaba.nacos.api.grpc.auto.RequestGrpc$RequestMethodDescriptorSupplier@162e24d1}}}}}]]
	at com.alibaba.nacos.shaded.com.google.common.util.concurrent.AbstractFuture.get(AbstractFuture.java:508) ~[nacos-client-2.0.4.jar:na]
	at com.alibaba.nacos.common.remote.client.grpc.GrpcClient.serverCheck(GrpcClient.java:148) ~[nacos-client-2.0.4.jar:na]
	at com.alibaba.nacos.common.remote.client.grpc.GrpcClient.connectToServer(GrpcClient.java:264) ~[nacos-client-2.0.4.jar:na]
	at com.alibaba.nacos.common.remote.client.RpcClient.reconnect(RpcClient.java:522) ~[nacos-client-2.0.4.jar:na]
	at com.alibaba.nacos.common.remote.client.RpcClient.lambda$start$2(RpcClient.java:370) ~[nacos-client-2.0.4.jar:na]
	at java.base/java.util.concurrent.Executors$RunnableAdapter.call(Executors.java:515) ~[na:na]
	at java.base/java.util.concurrent.FutureTask.run$$$capture(FutureTask.java:264) ~[na:na]
	at java.base/java.util.concurrent.FutureTask.run(FutureTask.java) ~[na:na]
	at java.base/java.util.concurrent.ScheduledThreadPoolExecutor$ScheduledFutureTask.run(ScheduledThreadPoolExecutor.java:304) ~[na:na]
	at java.base/java.util.concurrent.ThreadPoolExecutor.runWorker(ThreadPoolExecutor.java:1128) ~[na:na]
	at java.base/java.util.concurrent.ThreadPoolExecutor$Worker.run(ThreadPoolExecutor.java:628) ~[na:na]
	at java.base/java.lang.Thread.run(Thread.java:834) ~[na:na]

15:25:03:798  INFO 22936 --- [com.alibaba.nacos.client.remote.worker] com.alibaba.nacos.common.remote.client   : [3f53e47a-c784-41d9-bd7c-bf46162bd2e4] Fail to connect server, after trying 2 times, last try server is {serverIp = '192.168.224.128', server main port = 8848}, error = unknown
15:25:07:128 ERROR 22936 --- [com.alibaba.nacos.client.remote.worker] c.a.n.c.remote.client.grpc.GrpcClient    : Server check fail, please check server 192.168.224.128 ,port 9848 is available , error ={}

java.util.concurrent.TimeoutException: Waited 3000 milliseconds (plus 13 milliseconds, 378500 nanoseconds delay) for com.alibaba.nacos.shaded.io.grpc.stub.ClientCalls$GrpcFuture@4f014625[status=PENDING, info=[GrpcFuture{clientCall={delegate={delegate=ClientCallImpl{method=MethodDescriptor{fullMethodName=Request/request, type=UNARY, idempotent=false, safe=false, sampledToLocalTracing=true, requestMarshaller=com.alibaba.nacos.shaded.io.grpc.protobuf.lite.ProtoLiteUtils$MessageMarshaller@335c9e4a, responseMarshaller=com.alibaba.nacos.shaded.io.grpc.protobuf.lite.ProtoLiteUtils$MessageMarshaller@44f63de2, schemaDescriptor=com.alibaba.nacos.api.grpc.auto.RequestGrpc$RequestMethodDescriptorSupplier@162e24d1}}}}}]]
	at com.alibaba.nacos.shaded.com.google.common.util.concurrent.AbstractFuture.get(AbstractFuture.java:508) ~[nacos-client-2.0.4.jar:na]
	at com.alibaba.nacos.common.remote.client.grpc.GrpcClient.serverCheck(GrpcClient.java:148) ~[nacos-client-2.0.4.jar:na]
	at com.alibaba.nacos.common.remote.client.grpc.GrpcClient.connectToServer(GrpcClient.java:264) ~[nacos-client-2.0.4.jar:na]
	at com.alibaba.nacos.common.remote.client.RpcClient.reconnect(RpcClient.java:522) ~[nacos-client-2.0.4.jar:na]
	at com.alibaba.nacos.common.remote.client.RpcClient.lambda$start$2(RpcClient.java:370) ~[nacos-client-2.0.4.jar:na]
	at java.base/java.util.concurrent.Executors$RunnableAdapter.call(Executors.java:515) ~[na:na]
	at java.base/java.util.concurrent.FutureTask.run$$$capture(FutureTask.java:264) ~[na:na]
	at java.base/java.util.concurrent.FutureTask.run(FutureTask.java) ~[na:na]
	at java.base/java.util.concurrent.ScheduledThreadPoolExecutor$ScheduledFutureTask.run(ScheduledThreadPoolExecutor.java:304) ~[na:na]
	at java.base/java.util.concurrent.ThreadPoolExecutor.runWorker(ThreadPoolExecutor.java:1128) ~[na:na]
	at java.base/java.util.concurrent.ThreadPoolExecutor$Worker.run(ThreadPoolExecutor.java:628) ~[na:na]
	at java.base/java.lang.Thread.run(Thread.java:834) ~[na:na]

15:25:07:128  INFO 22936 --- [com.alibaba.nacos.client.remote.worker] com.alibaba.nacos.common.remote.client   : [3f53e47a-c784-41d9-bd7c-bf46162bd2e4] Fail to connect server, after trying 3 times, last try server is {serverIp = '192.168.224.128', server main port = 8848}, error = unknown
16:27:28:117  INFO 9648 --- [main] com.hmall.pay.PayApplication             : Starting PayApplication using Java 11.0.6 on imamh with PID 9648 (D:\编程文件\SpringCloud微服务黑马\microservice\hmall\pay-service\target\classes started by 28927 in D:\编程文件\SpringCloud微服务黑马\microservice\hmall)
16:27:28:122 DEBUG 9648 --- [main] com.hmall.pay.PayApplication             : Running with Spring Boot v2.7.12, Spring v5.3.27
16:27:28:123  INFO 9648 --- [main] com.hmall.pay.PayApplication             : The following 1 profile is active: "local"
16:27:30:015  INFO 9648 --- [main] o.s.cloud.context.scope.GenericScope     : BeanFactory id=c7fe33d9-ccc4-3004-820a-bfc28185d02f
16:27:30:710  INFO 9648 --- [main] o.s.b.w.embedded.tomcat.TomcatWebServer  : Tomcat initialized with port(s): 8086 (http)
16:27:30:712  INFO 9648 --- [main] o.a.catalina.core.AprLifecycleListener   : Loaded Apache Tomcat Native library [2.0.6] using APR version [1.7.4].
16:27:30:712  INFO 9648 --- [main] o.a.catalina.core.AprLifecycleListener   : APR capabilities: IPv6 [true], sendfile [true], accept filters [false], random [true], UDS [true].
16:27:30:713  INFO 9648 --- [main] o.a.catalina.core.AprLifecycleListener   : APR/OpenSSL configuration: useAprConnector [false], useOpenSSL [true]
16:27:30:721  INFO 9648 --- [main] o.a.catalina.core.AprLifecycleListener   : OpenSSL successfully initialized [OpenSSL 3.0.11 19 Sep 2023]
16:27:30:739  INFO 9648 --- [main] o.apache.catalina.core.StandardService   : Starting service [Tomcat]
16:27:30:740  INFO 9648 --- [main] org.apache.catalina.core.StandardEngine  : Starting Servlet engine: [Apache Tomcat/9.0.75]
16:27:31:032  INFO 9648 --- [main] o.a.c.c.C.[Tomcat].[localhost].[/]       : Initializing Spring embedded WebApplicationContext
16:27:31:033  INFO 9648 --- [main] w.s.c.ServletWebServerApplicationContext : Root WebApplicationContext: initialization completed in 2847 ms
16:27:31:429  INFO 9648 --- [main] o.s.c.openfeign.FeignClientFactoryBean   : For 'user-service' URL not provided. Will try picking an instance via load-balancing.
16:27:31:975  INFO 9648 --- [main] o.s.c.openfeign.FeignClientFactoryBean   : For 'trade-service' URL not provided. Will try picking an instance via load-balancing.
16:27:37:339  INFO 9648 --- [main] pertySourcedRequestMappingHandlerMapping : Mapped URL path [/v2/api-docs] onto method [springfox.documentation.swagger2.web.Swagger2ControllerWebMvc#getDocumentation(String, HttpServletRequest)]
16:27:38:693  INFO 9648 --- [main] com.alibaba.nacos.common.remote.client   : [RpcClientFactory] create a new rpc client of c3936b5c-95e0-469f-9949-8b8d43d18953
16:27:38:790  INFO 9648 --- [main] org.reflections.Reflections              : Reflections took 74 ms to scan 1 urls, producing 3 keys and 6 values 
16:27:38:819  INFO 9648 --- [main] org.reflections.Reflections              : Reflections took 9 ms to scan 1 urls, producing 4 keys and 9 values 
16:27:38:835  INFO 9648 --- [main] org.reflections.Reflections              : Reflections took 10 ms to scan 1 urls, producing 3 keys and 10 values 
16:27:38:841  WARN 9648 --- [main] org.reflections.Reflections              : given scan urls are empty. set urls in the configuration
16:27:38:854  INFO 9648 --- [main] org.reflections.Reflections              : Reflections took 13 ms to scan 1 urls, producing 1 keys and 5 values 
16:27:38:867  INFO 9648 --- [main] org.reflections.Reflections              : Reflections took 7 ms to scan 1 urls, producing 1 keys and 7 values 
16:27:38:878  INFO 9648 --- [main] org.reflections.Reflections              : Reflections took 8 ms to scan 1 urls, producing 2 keys and 8 values 
16:27:38:881  WARN 9648 --- [main] org.reflections.Reflections              : given scan urls are empty. set urls in the configuration
16:27:38:882  INFO 9648 --- [main] com.alibaba.nacos.common.remote.client   : [c3936b5c-95e0-469f-9949-8b8d43d18953] RpcClient init label, labels = {module=naming, source=sdk}
16:27:38:884  INFO 9648 --- [main] com.alibaba.nacos.common.remote.client   : [c3936b5c-95e0-469f-9949-8b8d43d18953] RpcClient init, ServerListFactory = com.alibaba.nacos.client.naming.core.ServerListManager
16:27:38:884  INFO 9648 --- [main] com.alibaba.nacos.common.remote.client   : [c3936b5c-95e0-469f-9949-8b8d43d18953] Registry connection listener to current client:com.alibaba.nacos.client.naming.remote.gprc.redo.NamingGrpcRedoService
16:27:38:884  INFO 9648 --- [main] com.alibaba.nacos.common.remote.client   : [c3936b5c-95e0-469f-9949-8b8d43d18953] Register server push request handler:com.alibaba.nacos.client.naming.remote.gprc.NamingPushRequestHandler
16:27:38:888  INFO 9648 --- [main] com.alibaba.nacos.common.remote.client   : [c3936b5c-95e0-469f-9949-8b8d43d18953] Try to connect to server on start up, server: {serverIp = '192.168.224.128', server main port = 8848}
16:27:42:390  INFO 9648 --- [main] com.alibaba.nacos.common.remote.client   : [c3936b5c-95e0-469f-9949-8b8d43d18953] Success to connect to server [192.168.224.128:8848] on start up, connectionId = 1715588862162_192.168.224.1_55884
16:27:42:391  INFO 9648 --- [com.alibaba.nacos.client.remote.worker] com.alibaba.nacos.common.remote.client   : [c3936b5c-95e0-469f-9949-8b8d43d18953] Notify connected event to listeners.
16:27:42:392  INFO 9648 --- [main] com.alibaba.nacos.common.remote.client   : [c3936b5c-95e0-469f-9949-8b8d43d18953] Register server push request handler:com.alibaba.nacos.common.remote.client.RpcClient$ConnectResetRequestHandler
16:27:42:393  INFO 9648 --- [main] com.alibaba.nacos.common.remote.client   : [c3936b5c-95e0-469f-9949-8b8d43d18953] Register server push request handler:com.alibaba.nacos.common.remote.client.RpcClient$$Lambda$990/0x000000080081fc40
16:27:42:479  INFO 9648 --- [main] o.s.b.w.embedded.tomcat.TomcatWebServer  : Tomcat started on port(s): 8086 (http) with context path ''
16:27:42:494  INFO 9648 --- [main] c.a.c.n.registry.NacosServiceRegistry    : nacos registry, DEFAULT_GROUP pay-service 192.168.3.59:8086 register finished
16:27:42:997  INFO 9648 --- [nacos-grpc-client-executor-9] com.alibaba.nacos.common.remote.client   : [c3936b5c-95e0-469f-9949-8b8d43d18953] Receive server push request, request = NotifySubscriberRequest, requestId = 7
16:27:43:000  INFO 9648 --- [nacos-grpc-client-executor-9] com.alibaba.nacos.common.remote.client   : [c3936b5c-95e0-469f-9949-8b8d43d18953] Ack server push request, request = NotifySubscriberRequest, requestId = 7
16:27:43:500  INFO 9648 --- [main] d.s.w.p.DocumentationPluginsBootstrapper : Documentation plugins bootstrapped
16:27:43:504  INFO 9648 --- [main] d.s.w.p.DocumentationPluginsBootstrapper : Found 1 custom documentation plugin(s)
16:27:43:529  INFO 9648 --- [main] s.d.s.w.s.ApiListingReferenceScanner     : Scanning for api listing references
16:27:43:630  INFO 9648 --- [main] com.hmall.pay.PayApplication             : Started PayApplication in 17.665 seconds (JVM running for 19.878)
17:19:05:083  WARN 9648 --- [Thread-7] c.a.n.common.http.HttpClientBeanHolder   : [HttpClientBeanHolder] Start destroying common HttpClient
17:19:05:083  WARN 9648 --- [Thread-4] c.a.nacos.common.notify.NotifyCenter     : [NotifyCenter] Start destroying Publisher
17:19:05:084  WARN 9648 --- [Thread-4] c.a.nacos.common.notify.NotifyCenter     : [NotifyCenter] Destruction of the end
17:19:05:086  WARN 9648 --- [Thread-7] c.a.n.common.http.HttpClientBeanHolder   : [HttpClientBeanHolder] Destruction of the end
17:19:06:126  INFO 9648 --- [SpringApplicationShutdownHook] c.a.c.n.registry.NacosServiceRegistry    : De-registering from Nacos Server now...
17:19:06:139  INFO 9648 --- [SpringApplicationShutdownHook] c.a.c.n.registry.NacosServiceRegistry    : De-registration finished.
17:19:06:453  INFO 9648 --- [SpringApplicationShutdownHook] com.alibaba.nacos.common.remote.client   : Shutdown rpc client, set status to shutdown
17:19:06:453  INFO 9648 --- [SpringApplicationShutdownHook] com.alibaba.nacos.common.remote.client   : Shutdown client event executor java.util.concurrent.ScheduledThreadPoolExecutor@52a09213[Running, pool size = 2, active threads = 2, queued tasks = 0, completed tasks = 0]
17:19:06:453  INFO 9648 --- [SpringApplicationShutdownHook] com.alibaba.nacos.common.remote.client   : Close current connection 1715588862162_192.168.224.1_55884
17:19:06:455  INFO 9648 --- [nacos-grpc-client-executor-653] c.a.n.c.remote.client.grpc.GrpcClient    : [1715588862162_192.168.224.1_55884]Ignore complete event,isRunning:false,isAbandon=false
17:19:06:461  INFO 9648 --- [SpringApplicationShutdownHook] c.a.n.c.remote.client.grpc.GrpcClient    : Shutdown grpc executor java.util.concurrent.ThreadPoolExecutor@15c1ad02[Running, pool size = 5, active threads = 0, queued tasks = 0, completed tasks = 654]
20:59:17:639  INFO 18544 --- [main] com.hmall.pay.PayApplication             : Starting PayApplication using Java 11.0.6 on imamh with PID 18544 (D:\编程文件\SpringCloud微服务黑马\microservice\hmall\pay-service\target\classes started by 28927 in D:\编程文件\SpringCloud微服务黑马\microservice\hmall)
20:59:17:642 DEBUG 18544 --- [main] com.hmall.pay.PayApplication             : Running with Spring Boot v2.7.12, Spring v5.3.27
20:59:17:643  INFO 18544 --- [main] com.hmall.pay.PayApplication             : The following 1 profile is active: "local"
20:59:19:793  INFO 18544 --- [main] o.s.cloud.context.scope.GenericScope     : BeanFactory id=c7fe33d9-ccc4-3004-820a-bfc28185d02f
20:59:20:454  INFO 18544 --- [main] o.s.b.w.embedded.tomcat.TomcatWebServer  : Tomcat initialized with port(s): 8086 (http)
20:59:20:456  INFO 18544 --- [main] o.a.catalina.core.AprLifecycleListener   : Loaded Apache Tomcat Native library [2.0.6] using APR version [1.7.4].
20:59:20:457  INFO 18544 --- [main] o.a.catalina.core.AprLifecycleListener   : APR capabilities: IPv6 [true], sendfile [true], accept filters [false], random [true], UDS [true].
20:59:20:457  INFO 18544 --- [main] o.a.catalina.core.AprLifecycleListener   : APR/OpenSSL configuration: useAprConnector [false], useOpenSSL [true]
20:59:20:466  INFO 18544 --- [main] o.a.catalina.core.AprLifecycleListener   : OpenSSL successfully initialized [OpenSSL 3.0.11 19 Sep 2023]
20:59:20:485  INFO 18544 --- [main] o.apache.catalina.core.StandardService   : Starting service [Tomcat]
20:59:20:485  INFO 18544 --- [main] org.apache.catalina.core.StandardEngine  : Starting Servlet engine: [Apache Tomcat/9.0.75]
20:59:20:771  INFO 18544 --- [main] o.a.c.c.C.[Tomcat].[localhost].[/]       : Initializing Spring embedded WebApplicationContext
20:59:20:772  INFO 18544 --- [main] w.s.c.ServletWebServerApplicationContext : Root WebApplicationContext: initialization completed in 3044 ms
20:59:21:163  INFO 18544 --- [main] o.s.c.openfeign.FeignClientFactoryBean   : For 'user-service' URL not provided. Will try picking an instance via load-balancing.
20:59:21:617  INFO 18544 --- [main] o.s.c.openfeign.FeignClientFactoryBean   : For 'trade-service' URL not provided. Will try picking an instance via load-balancing.
20:59:28:728  INFO 18544 --- [main] pertySourcedRequestMappingHandlerMapping : Mapped URL path [/v2/api-docs] onto method [springfox.documentation.swagger2.web.Swagger2ControllerWebMvc#getDocumentation(String, HttpServletRequest)]
20:59:30:361  INFO 18544 --- [main] com.alibaba.nacos.common.remote.client   : [RpcClientFactory] create a new rpc client of 8638d13c-0aa6-4eef-96a1-c89d58b58718
20:59:30:427  INFO 18544 --- [main] org.reflections.Reflections              : Reflections took 34 ms to scan 1 urls, producing 3 keys and 6 values 
20:59:30:463  INFO 18544 --- [main] org.reflections.Reflections              : Reflections took 11 ms to scan 1 urls, producing 4 keys and 9 values 
20:59:30:477  INFO 18544 --- [main] org.reflections.Reflections              : Reflections took 8 ms to scan 1 urls, producing 3 keys and 10 values 
20:59:30:483  WARN 18544 --- [main] org.reflections.Reflections              : given scan urls are empty. set urls in the configuration
20:59:30:490  INFO 18544 --- [main] org.reflections.Reflections              : Reflections took 7 ms to scan 1 urls, producing 1 keys and 5 values 
20:59:30:504  INFO 18544 --- [main] org.reflections.Reflections              : Reflections took 9 ms to scan 1 urls, producing 1 keys and 7 values 
20:59:30:515  INFO 18544 --- [main] org.reflections.Reflections              : Reflections took 7 ms to scan 1 urls, producing 2 keys and 8 values 
20:59:30:520  WARN 18544 --- [main] org.reflections.Reflections              : given scan urls are empty. set urls in the configuration
20:59:30:521  INFO 18544 --- [main] com.alibaba.nacos.common.remote.client   : [8638d13c-0aa6-4eef-96a1-c89d58b58718] RpcClient init label, labels = {module=naming, source=sdk}
20:59:30:525  INFO 18544 --- [main] com.alibaba.nacos.common.remote.client   : [8638d13c-0aa6-4eef-96a1-c89d58b58718] RpcClient init, ServerListFactory = com.alibaba.nacos.client.naming.core.ServerListManager
20:59:30:525  INFO 18544 --- [main] com.alibaba.nacos.common.remote.client   : [8638d13c-0aa6-4eef-96a1-c89d58b58718] Registry connection listener to current client:com.alibaba.nacos.client.naming.remote.gprc.redo.NamingGrpcRedoService
20:59:30:526  INFO 18544 --- [main] com.alibaba.nacos.common.remote.client   : [8638d13c-0aa6-4eef-96a1-c89d58b58718] Register server push request handler:com.alibaba.nacos.client.naming.remote.gprc.NamingPushRequestHandler
20:59:30:528  INFO 18544 --- [main] com.alibaba.nacos.common.remote.client   : [8638d13c-0aa6-4eef-96a1-c89d58b58718] Try to connect to server on start up, server: {serverIp = '192.168.224.128', server main port = 8848}
20:59:34:606  INFO 18544 --- [main] com.alibaba.nacos.common.remote.client   : [8638d13c-0aa6-4eef-96a1-c89d58b58718] Success to connect to server [192.168.224.128:8848] on start up, connectionId = 1715605175453_192.168.224.1_50547
20:59:34:608  INFO 18544 --- [com.alibaba.nacos.client.remote.worker] com.alibaba.nacos.common.remote.client   : [8638d13c-0aa6-4eef-96a1-c89d58b58718] Notify connected event to listeners.
20:59:34:608  INFO 18544 --- [main] com.alibaba.nacos.common.remote.client   : [8638d13c-0aa6-4eef-96a1-c89d58b58718] Register server push request handler:com.alibaba.nacos.common.remote.client.RpcClient$ConnectResetRequestHandler
20:59:34:609  INFO 18544 --- [main] com.alibaba.nacos.common.remote.client   : [8638d13c-0aa6-4eef-96a1-c89d58b58718] Register server push request handler:com.alibaba.nacos.common.remote.client.RpcClient$$Lambda$990/0x00000008007b7c40
20:59:34:698  INFO 18544 --- [main] o.s.b.w.embedded.tomcat.TomcatWebServer  : Tomcat started on port(s): 8086 (http) with context path ''
20:59:34:716  INFO 18544 --- [main] c.a.c.n.registry.NacosServiceRegistry    : nacos registry, DEFAULT_GROUP pay-service 192.168.3.59:8086 register finished
20:59:35:234  INFO 18544 --- [nacos-grpc-client-executor-9] com.alibaba.nacos.common.remote.client   : [8638d13c-0aa6-4eef-96a1-c89d58b58718] Receive server push request, request = NotifySubscriberRequest, requestId = 17
20:59:35:239  INFO 18544 --- [nacos-grpc-client-executor-9] com.alibaba.nacos.common.remote.client   : [8638d13c-0aa6-4eef-96a1-c89d58b58718] Ack server push request, request = NotifySubscriberRequest, requestId = 17
20:59:35:872  INFO 18544 --- [main] d.s.w.p.DocumentationPluginsBootstrapper : Documentation plugins bootstrapped
20:59:35:878  INFO 18544 --- [main] d.s.w.p.DocumentationPluginsBootstrapper : Found 1 custom documentation plugin(s)
20:59:35:907  INFO 18544 --- [main] s.d.s.w.s.ApiListingReferenceScanner     : Scanning for api listing references
20:59:36:018  INFO 18544 --- [main] com.hmall.pay.PayApplication             : Started PayApplication in 20.595 seconds (JVM running for 22.903)
