14:06:58:263  INFO 4156 --- [main] com.hmall.gateway.GatewayApplication     : The following 1 profile is active: "dev"
14:06:58:909  INFO 4156 --- [main] o.s.cloud.context.scope.GenericScope     : BeanFactory id=d1d0a184-7ed6-315a-9788-ea61111f508b
14:06:58:953  INFO 4156 --- [main] trationDelegate$BeanPostProcessorChecker : Bean 'org.springframework.cloud.client.loadbalancer.reactive.LoadBalancerBeanPostProcessorAutoConfiguration' of type [org.springframework.cloud.client.loadbalancer.reactive.LoadBalancerBeanPostProcessorAutoConfiguration] is not eligible for getting processed by all BeanPostProcessors (for example: not eligible for auto-proxying)
14:06:58:954  INFO 4156 --- [main] trationDelegate$BeanPostProcessorChecker : Bean 'org.springframework.cloud.client.loadbalancer.reactive.LoadBalancerBeanPostProcessorAutoConfiguration$ReactorDeferringLoadBalancerFilterConfig' of type [org.springframework.cloud.client.loadbalancer.reactive.LoadBalancerBeanPostProcessorAutoConfiguration$ReactorDeferringLoadBalancerFilterConfig] is not eligible for getting processed by all BeanPostProcessors (for example: not eligible for auto-proxying)
14:06:58:956  INFO 4156 --- [main] trationDelegate$BeanPostProcessorChecker : Bean 'reactorDeferringLoadBalancerExchangeFilterFunction' of type [org.springframework.cloud.client.loadbalancer.reactive.DeferringLoadBalancerExchangeFilterFunction] is not eligible for getting processed by all BeanPostProcessors (for example: not eligible for auto-proxying)
14:06:59:565 DEBUG 4156 --- [main] c.h.gateway.routers.DynamicRouteLoader   : 监听到路由配置信息: [
    {
        "id": "item",
        "predicates": [{
            "name": "Path",
            "args": {"_genkey_0":"/items/**", "_genkey_1":"/search/**"}
        }],
        "filters": [],
        "uri": "lb://item-service"
    },
    {
        "id": "cart",
        "predicates": [{
            "name": "Path",
            "args": {"_genkey_0":"/carts/**"}
        }],
        "filters": [],
        "uri": "lb://cart-service"
    },
    {
        "id": "user",
        "predicates": [{
            "name": "Path",
            "args": {"_genkey_0":"/users/**", "_genkey_1":"/addresses/**"}
        }],
        "filters": [],
        "uri": "lb://user-service"
    },
    {
        "id": "trade",
        "predicates": [{
            "name": "Path",
            "args": {"_genkey_0":"/orders/**"}
        }],
        "filters": [],
        "uri": "lb://trade-service"
    },
    {
        "id": "pay",
        "predicates": [{
            "name": "Path",
            "args": {"_genkey_0":"/pay-orders/**"}
        }],
        "filters": [],
        "uri": "lb://pay-service"
    }
]
14:07:01:381  INFO 4156 --- [main] o.s.c.g.r.RouteDefinitionRouteLocator    : Loaded RoutePredicateFactory [After]
14:07:01:381  INFO 4156 --- [main] o.s.c.g.r.RouteDefinitionRouteLocator    : Loaded RoutePredicateFactory [Before]
14:07:01:382  INFO 4156 --- [main] o.s.c.g.r.RouteDefinitionRouteLocator    : Loaded RoutePredicateFactory [Between]
14:07:01:382  INFO 4156 --- [main] o.s.c.g.r.RouteDefinitionRouteLocator    : Loaded RoutePredicateFactory [Cookie]
14:07:01:382  INFO 4156 --- [main] o.s.c.g.r.RouteDefinitionRouteLocator    : Loaded RoutePredicateFactory [Header]
14:07:01:382  INFO 4156 --- [main] o.s.c.g.r.RouteDefinitionRouteLocator    : Loaded RoutePredicateFactory [Host]
14:07:01:382  INFO 4156 --- [main] o.s.c.g.r.RouteDefinitionRouteLocator    : Loaded RoutePredicateFactory [Method]
14:07:01:382  INFO 4156 --- [main] o.s.c.g.r.RouteDefinitionRouteLocator    : Loaded RoutePredicateFactory [Path]
14:07:01:382  INFO 4156 --- [main] o.s.c.g.r.RouteDefinitionRouteLocator    : Loaded RoutePredicateFactory [Query]
14:07:01:382  INFO 4156 --- [main] o.s.c.g.r.RouteDefinitionRouteLocator    : Loaded RoutePredicateFactory [ReadBody]
14:07:01:382  INFO 4156 --- [main] o.s.c.g.r.RouteDefinitionRouteLocator    : Loaded RoutePredicateFactory [RemoteAddr]
14:07:01:382  INFO 4156 --- [main] o.s.c.g.r.RouteDefinitionRouteLocator    : Loaded RoutePredicateFactory [XForwardedRemoteAddr]
14:07:01:382  INFO 4156 --- [main] o.s.c.g.r.RouteDefinitionRouteLocator    : Loaded RoutePredicateFactory [Weight]
14:07:01:382  INFO 4156 --- [main] o.s.c.g.r.RouteDefinitionRouteLocator    : Loaded RoutePredicateFactory [CloudFoundryRouteService]
14:07:02:335  INFO 4156 --- [main] com.alibaba.nacos.common.remote.client   : [RpcClientFactory] create a new rpc client of 978b3ba9-0c5f-4dc8-a2b7-36d862681885
14:07:02:335  INFO 4156 --- [main] com.alibaba.nacos.common.remote.client   : [978b3ba9-0c5f-4dc8-a2b7-36d862681885] RpcClient init label, labels = {module=naming, source=sdk}
14:07:02:337  INFO 4156 --- [main] com.alibaba.nacos.common.remote.client   : [978b3ba9-0c5f-4dc8-a2b7-36d862681885] RpcClient init, ServerListFactory = com.alibaba.nacos.client.naming.core.ServerListManager
14:07:02:337  INFO 4156 --- [main] com.alibaba.nacos.common.remote.client   : [978b3ba9-0c5f-4dc8-a2b7-36d862681885] Registry connection listener to current client:com.alibaba.nacos.client.naming.remote.gprc.redo.NamingGrpcRedoService
14:07:02:337  INFO 4156 --- [main] com.alibaba.nacos.common.remote.client   : [978b3ba9-0c5f-4dc8-a2b7-36d862681885] Register server push request handler:com.alibaba.nacos.client.naming.remote.gprc.NamingPushRequestHandler
14:07:02:338  INFO 4156 --- [main] com.alibaba.nacos.common.remote.client   : [978b3ba9-0c5f-4dc8-a2b7-36d862681885] Try to connect to server on start up, server: {serverIp = '192.168.224.128', server main port = 8848}
14:07:02:461  INFO 4156 --- [main] com.alibaba.nacos.common.remote.client   : [978b3ba9-0c5f-4dc8-a2b7-36d862681885] Success to connect to server [192.168.224.128:8848] on start up, connectionId = 1716012422347_192.168.224.1_61202
14:07:02:461  INFO 4156 --- [main] com.alibaba.nacos.common.remote.client   : [978b3ba9-0c5f-4dc8-a2b7-36d862681885] Register server push request handler:com.alibaba.nacos.common.remote.client.RpcClient$ConnectResetRequestHandler
14:07:02:461  INFO 4156 --- [main] com.alibaba.nacos.common.remote.client   : [978b3ba9-0c5f-4dc8-a2b7-36d862681885] Register server push request handler:com.alibaba.nacos.common.remote.client.RpcClient$$Lambda$465/0x0000000800446440
14:07:02:461  INFO 4156 --- [com.alibaba.nacos.client.remote.worker] com.alibaba.nacos.common.remote.client   : [978b3ba9-0c5f-4dc8-a2b7-36d862681885] Notify connected event to listeners.
14:07:03:041  INFO 4156 --- [nacos-grpc-client-executor-5] com.alibaba.nacos.common.remote.client   : [978b3ba9-0c5f-4dc8-a2b7-36d862681885] Receive server push request, request = NotifySubscriberRequest, requestId = 1
14:07:03:043  INFO 4156 --- [nacos-grpc-client-executor-5] com.alibaba.nacos.common.remote.client   : [978b3ba9-0c5f-4dc8-a2b7-36d862681885] Ack server push request, request = NotifySubscriberRequest, requestId = 1
14:07:03:126  INFO 4156 --- [main] o.s.b.web.embedded.netty.NettyWebServer  : Netty started on port 8080
14:07:04:459  INFO 4156 --- [main] c.a.c.n.registry.NacosServiceRegistry    : nacos registry, DEFAULT_GROUP gateway 192.168.3.59:8080 register finished
14:07:04:474  INFO 4156 --- [main] com.hmall.gateway.GatewayApplication     : Started GatewayApplication in 12.191 seconds (JVM running for 14.577)
14:07:04:477  INFO 4156 --- [main] c.a.c.n.refresh.NacosContextRefresher    : [Nacos Config] Listening config: dataId=gateway.yml, group=DEFAULT_GROUP
14:07:04:478  INFO 4156 --- [main] c.a.c.n.refresh.NacosContextRefresher    : [Nacos Config] Listening config: dataId=gateway, group=DEFAULT_GROUP
14:07:04:478  INFO 4156 --- [main] c.a.c.n.refresh.NacosContextRefresher    : [Nacos Config] Listening config: dataId=gateway-dev.yml, group=DEFAULT_GROUP
14:07:05:034  INFO 4156 --- [nacos-grpc-client-executor-9] com.alibaba.nacos.common.remote.client   : [978b3ba9-0c5f-4dc8-a2b7-36d862681885] Receive server push request, request = NotifySubscriberRequest, requestId = 2
14:07:05:042  INFO 4156 --- [nacos-grpc-client-executor-9] com.alibaba.nacos.common.remote.client   : [978b3ba9-0c5f-4dc8-a2b7-36d862681885] Ack server push request, request = NotifySubscriberRequest, requestId = 2
14:09:48:389  WARN 4156 --- [Thread-1] c.a.n.common.http.HttpClientBeanHolder   : [HttpClientBeanHolder] Start destroying common HttpClient
14:09:48:389  WARN 4156 --- [Thread-5] c.a.nacos.common.notify.NotifyCenter     : [NotifyCenter] Start destroying Publisher
14:09:48:390  WARN 4156 --- [Thread-5] c.a.nacos.common.notify.NotifyCenter     : [NotifyCenter] Destruction of the end
14:09:48:390  WARN 4156 --- [Thread-1] c.a.n.common.http.HttpClientBeanHolder   : [HttpClientBeanHolder] Destruction of the end
14:09:48:407  INFO 4156 --- [SpringApplicationShutdownHook] c.a.c.n.registry.NacosServiceRegistry    : De-registering from Nacos Server now...
14:09:48:414  INFO 4156 --- [SpringApplicationShutdownHook] c.a.c.n.registry.NacosServiceRegistry    : De-registration finished.
14:09:48:726  INFO 4156 --- [SpringApplicationShutdownHook] com.alibaba.nacos.common.remote.client   : Shutdown rpc client, set status to shutdown
14:09:48:726  INFO 4156 --- [SpringApplicationShutdownHook] com.alibaba.nacos.common.remote.client   : Shutdown client event executor java.util.concurrent.ScheduledThreadPoolExecutor@2ce7b2f[Running, pool size = 2, active threads = 2, queued tasks = 0, completed tasks = 0]
14:09:48:726  INFO 4156 --- [SpringApplicationShutdownHook] com.alibaba.nacos.common.remote.client   : Close current connection 1716012422347_192.168.224.1_61202
14:09:48:729  INFO 4156 --- [nacos-grpc-client-executor-53] c.a.n.c.remote.client.grpc.GrpcClient    : [1716012422347_192.168.224.1_61202]Ignore complete event,isRunning:false,isAbandon=false
14:09:48:731  INFO 4156 --- [SpringApplicationShutdownHook] c.a.n.c.remote.client.grpc.GrpcClient    : Shutdown grpc executor java.util.concurrent.ThreadPoolExecutor@21634b31[Running, pool size = 5, active threads = 0, queued tasks = 0, completed tasks = 54]
14:09:58:860  INFO 8512 --- [main] com.hmall.gateway.GatewayApplication     : The following 1 profile is active: "dev"
14:09:59:383  INFO 8512 --- [main] o.s.cloud.context.scope.GenericScope     : BeanFactory id=d1d0a184-7ed6-315a-9788-ea61111f508b
14:09:59:432  INFO 8512 --- [main] trationDelegate$BeanPostProcessorChecker : Bean 'org.springframework.cloud.client.loadbalancer.reactive.LoadBalancerBeanPostProcessorAutoConfiguration' of type [org.springframework.cloud.client.loadbalancer.reactive.LoadBalancerBeanPostProcessorAutoConfiguration] is not eligible for getting processed by all BeanPostProcessors (for example: not eligible for auto-proxying)
14:09:59:433  INFO 8512 --- [main] trationDelegate$BeanPostProcessorChecker : Bean 'org.springframework.cloud.client.loadbalancer.reactive.LoadBalancerBeanPostProcessorAutoConfiguration$ReactorDeferringLoadBalancerFilterConfig' of type [org.springframework.cloud.client.loadbalancer.reactive.LoadBalancerBeanPostProcessorAutoConfiguration$ReactorDeferringLoadBalancerFilterConfig] is not eligible for getting processed by all BeanPostProcessors (for example: not eligible for auto-proxying)
14:09:59:434  INFO 8512 --- [main] trationDelegate$BeanPostProcessorChecker : Bean 'reactorDeferringLoadBalancerExchangeFilterFunction' of type [org.springframework.cloud.client.loadbalancer.reactive.DeferringLoadBalancerExchangeFilterFunction] is not eligible for getting processed by all BeanPostProcessors (for example: not eligible for auto-proxying)
14:09:59:902 DEBUG 8512 --- [main] c.h.gateway.routers.DynamicRouteLoader   : 监听到路由配置信息: [
    {
        "id": "item",
        "predicates": [{
            "name": "Path",
            "args": {"_genkey_0":"/items/**", "_genkey_1":"/search/**"}
        }],
        "filters": [],
        "uri": "lb://item-service"
    },
    {
        "id": "cart",
        "predicates": [{
            "name": "Path",
            "args": {"_genkey_0":"/carts/**"}
        }],
        "filters": [],
        "uri": "lb://cart-service"
    },
    {
        "id": "user",
        "predicates": [{
            "name": "Path",
            "args": {"_genkey_0":"/users/**", "_genkey_1":"/addresses/**"}
        }],
        "filters": [],
        "uri": "lb://user-service"
    },
    {
        "id": "trade",
        "predicates": [{
            "name": "Path",
            "args": {"_genkey_0":"/orders/**"}
        }],
        "filters": [],
        "uri": "lb://trade-service"
    },
    {
        "id": "pay",
        "predicates": [{
            "name": "Path",
            "args": {"_genkey_0":"/pay-orders/**"}
        }],
        "filters": [],
        "uri": "lb://pay-service"
    }
]
14:10:01:646  INFO 8512 --- [main] o.s.c.g.r.RouteDefinitionRouteLocator    : Loaded RoutePredicateFactory [After]
14:10:01:646  INFO 8512 --- [main] o.s.c.g.r.RouteDefinitionRouteLocator    : Loaded RoutePredicateFactory [Before]
14:10:01:647  INFO 8512 --- [main] o.s.c.g.r.RouteDefinitionRouteLocator    : Loaded RoutePredicateFactory [Between]
14:10:01:647  INFO 8512 --- [main] o.s.c.g.r.RouteDefinitionRouteLocator    : Loaded RoutePredicateFactory [Cookie]
14:10:01:647  INFO 8512 --- [main] o.s.c.g.r.RouteDefinitionRouteLocator    : Loaded RoutePredicateFactory [Header]
14:10:01:647  INFO 8512 --- [main] o.s.c.g.r.RouteDefinitionRouteLocator    : Loaded RoutePredicateFactory [Host]
14:10:01:647  INFO 8512 --- [main] o.s.c.g.r.RouteDefinitionRouteLocator    : Loaded RoutePredicateFactory [Method]
14:10:01:647  INFO 8512 --- [main] o.s.c.g.r.RouteDefinitionRouteLocator    : Loaded RoutePredicateFactory [Path]
14:10:01:647  INFO 8512 --- [main] o.s.c.g.r.RouteDefinitionRouteLocator    : Loaded RoutePredicateFactory [Query]
14:10:01:647  INFO 8512 --- [main] o.s.c.g.r.RouteDefinitionRouteLocator    : Loaded RoutePredicateFactory [ReadBody]
14:10:01:648  INFO 8512 --- [main] o.s.c.g.r.RouteDefinitionRouteLocator    : Loaded RoutePredicateFactory [RemoteAddr]
14:10:01:648  INFO 8512 --- [main] o.s.c.g.r.RouteDefinitionRouteLocator    : Loaded RoutePredicateFactory [XForwardedRemoteAddr]
14:10:01:648  INFO 8512 --- [main] o.s.c.g.r.RouteDefinitionRouteLocator    : Loaded RoutePredicateFactory [Weight]
14:10:01:648  INFO 8512 --- [main] o.s.c.g.r.RouteDefinitionRouteLocator    : Loaded RoutePredicateFactory [CloudFoundryRouteService]
14:10:02:587  INFO 8512 --- [main] com.alibaba.nacos.common.remote.client   : [RpcClientFactory] create a new rpc client of aeeeada1-74b6-4d44-a584-43d0af448a50
14:10:02:588  INFO 8512 --- [main] com.alibaba.nacos.common.remote.client   : [aeeeada1-74b6-4d44-a584-43d0af448a50] RpcClient init label, labels = {module=naming, source=sdk}
14:10:02:589  INFO 8512 --- [main] com.alibaba.nacos.common.remote.client   : [aeeeada1-74b6-4d44-a584-43d0af448a50] RpcClient init, ServerListFactory = com.alibaba.nacos.client.naming.core.ServerListManager
14:10:02:590  INFO 8512 --- [main] com.alibaba.nacos.common.remote.client   : [aeeeada1-74b6-4d44-a584-43d0af448a50] Registry connection listener to current client:com.alibaba.nacos.client.naming.remote.gprc.redo.NamingGrpcRedoService
14:10:02:590  INFO 8512 --- [main] com.alibaba.nacos.common.remote.client   : [aeeeada1-74b6-4d44-a584-43d0af448a50] Register server push request handler:com.alibaba.nacos.client.naming.remote.gprc.NamingPushRequestHandler
14:10:02:591  INFO 8512 --- [main] com.alibaba.nacos.common.remote.client   : [aeeeada1-74b6-4d44-a584-43d0af448a50] Try to connect to server on start up, server: {serverIp = '192.168.224.128', server main port = 8848}
14:10:02:709  INFO 8512 --- [main] com.alibaba.nacos.common.remote.client   : [aeeeada1-74b6-4d44-a584-43d0af448a50] Success to connect to server [192.168.224.128:8848] on start up, connectionId = 1716012602601_192.168.224.1_61496
14:10:02:709  INFO 8512 --- [main] com.alibaba.nacos.common.remote.client   : [aeeeada1-74b6-4d44-a584-43d0af448a50] Register server push request handler:com.alibaba.nacos.common.remote.client.RpcClient$ConnectResetRequestHandler
14:10:02:709  INFO 8512 --- [main] com.alibaba.nacos.common.remote.client   : [aeeeada1-74b6-4d44-a584-43d0af448a50] Register server push request handler:com.alibaba.nacos.common.remote.client.RpcClient$$Lambda$465/0x0000000800446440
14:10:02:709  INFO 8512 --- [com.alibaba.nacos.client.remote.worker] com.alibaba.nacos.common.remote.client   : [aeeeada1-74b6-4d44-a584-43d0af448a50] Notify connected event to listeners.
14:10:03:271  INFO 8512 --- [nacos-grpc-client-executor-5] com.alibaba.nacos.common.remote.client   : [aeeeada1-74b6-4d44-a584-43d0af448a50] Receive server push request, request = NotifySubscriberRequest, requestId = 4
14:10:03:274  INFO 8512 --- [nacos-grpc-client-executor-5] com.alibaba.nacos.common.remote.client   : [aeeeada1-74b6-4d44-a584-43d0af448a50] Ack server push request, request = NotifySubscriberRequest, requestId = 4
14:10:03:316  INFO 8512 --- [main] o.s.b.web.embedded.netty.NettyWebServer  : Netty started on port 8080
14:10:04:684  INFO 8512 --- [main] c.a.c.n.registry.NacosServiceRegistry    : nacos registry, DEFAULT_GROUP gateway 192.168.3.59:8080 register finished
14:10:04:703  INFO 8512 --- [main] com.hmall.gateway.GatewayApplication     : Started GatewayApplication in 10.79 seconds (JVM running for 12.233)
14:10:04:706  INFO 8512 --- [main] c.a.c.n.refresh.NacosContextRefresher    : [Nacos Config] Listening config: dataId=gateway.yml, group=DEFAULT_GROUP
14:10:04:707  INFO 8512 --- [main] c.a.c.n.refresh.NacosContextRefresher    : [Nacos Config] Listening config: dataId=gateway, group=DEFAULT_GROUP
14:10:04:708  INFO 8512 --- [main] c.a.c.n.refresh.NacosContextRefresher    : [Nacos Config] Listening config: dataId=gateway-dev.yml, group=DEFAULT_GROUP
14:10:05:277  INFO 8512 --- [nacos-grpc-client-executor-8] com.alibaba.nacos.common.remote.client   : [aeeeada1-74b6-4d44-a584-43d0af448a50] Receive server push request, request = NotifySubscriberRequest, requestId = 5
14:10:05:281  INFO 8512 --- [nacos-grpc-client-executor-8] com.alibaba.nacos.common.remote.client   : [aeeeada1-74b6-4d44-a584-43d0af448a50] Ack server push request, request = NotifySubscriberRequest, requestId = 5
14:17:55:698  INFO 8512 --- [nacos-grpc-client-executor-107] com.alibaba.nacos.common.remote.client   : [aeeeada1-74b6-4d44-a584-43d0af448a50] Receive server push request, request = NotifySubscriberRequest, requestId = 10
14:17:55:699  INFO 8512 --- [nacos-grpc-client-executor-107] com.alibaba.nacos.common.remote.client   : [aeeeada1-74b6-4d44-a584-43d0af448a50] Ack server push request, request = NotifySubscriberRequest, requestId = 10
14:17:56:602  INFO 8512 --- [nacos-grpc-client-executor-110] com.alibaba.nacos.common.remote.client   : [aeeeada1-74b6-4d44-a584-43d0af448a50] Receive server push request, request = NotifySubscriberRequest, requestId = 11
14:17:56:603  INFO 8512 --- [nacos-grpc-client-executor-110] com.alibaba.nacos.common.remote.client   : [aeeeada1-74b6-4d44-a584-43d0af448a50] Ack server push request, request = NotifySubscriberRequest, requestId = 11
14:27:50:237  INFO 8512 --- [nacos-grpc-client-executor-239] com.alibaba.nacos.common.remote.client   : [aeeeada1-74b6-4d44-a584-43d0af448a50] Receive server push request, request = NotifySubscriberRequest, requestId = 13
14:27:50:239  INFO 8512 --- [nacos-grpc-client-executor-239] com.alibaba.nacos.common.remote.client   : [aeeeada1-74b6-4d44-a584-43d0af448a50] Ack server push request, request = NotifySubscriberRequest, requestId = 13
14:28:04:335  INFO 8512 --- [nacos-grpc-client-executor-243] com.alibaba.nacos.common.remote.client   : [aeeeada1-74b6-4d44-a584-43d0af448a50] Receive server push request, request = NotifySubscriberRequest, requestId = 15
14:28:04:337  INFO 8512 --- [nacos-grpc-client-executor-243] com.alibaba.nacos.common.remote.client   : [aeeeada1-74b6-4d44-a584-43d0af448a50] Ack server push request, request = NotifySubscriberRequest, requestId = 15
14:29:52:492  INFO 8512 --- [nacos-grpc-client-executor-265] com.alibaba.nacos.common.remote.client   : [aeeeada1-74b6-4d44-a584-43d0af448a50] Receive server push request, request = NotifySubscriberRequest, requestId = 17
14:29:52:493  INFO 8512 --- [nacos-grpc-client-executor-265] com.alibaba.nacos.common.remote.client   : [aeeeada1-74b6-4d44-a584-43d0af448a50] Ack server push request, request = NotifySubscriberRequest, requestId = 17
14:38:43:571  WARN 8512 --- [Thread-5] c.a.nacos.common.notify.NotifyCenter     : [NotifyCenter] Start destroying Publisher
14:38:43:571  WARN 8512 --- [Thread-1] c.a.n.common.http.HttpClientBeanHolder   : [HttpClientBeanHolder] Start destroying common HttpClient
14:38:43:571  WARN 8512 --- [Thread-5] c.a.nacos.common.notify.NotifyCenter     : [NotifyCenter] Destruction of the end
14:38:43:573  WARN 8512 --- [Thread-1] c.a.n.common.http.HttpClientBeanHolder   : [HttpClientBeanHolder] Destruction of the end
14:38:43:596  INFO 8512 --- [SpringApplicationShutdownHook] c.a.c.n.registry.NacosServiceRegistry    : De-registering from Nacos Server now...
14:38:43:601  INFO 8512 --- [SpringApplicationShutdownHook] c.a.c.n.registry.NacosServiceRegistry    : De-registration finished.
14:38:43:911  INFO 8512 --- [SpringApplicationShutdownHook] com.alibaba.nacos.common.remote.client   : Shutdown rpc client, set status to shutdown
14:38:43:911  INFO 8512 --- [SpringApplicationShutdownHook] com.alibaba.nacos.common.remote.client   : Shutdown client event executor java.util.concurrent.ScheduledThreadPoolExecutor@7b2772ee[Running, pool size = 2, active threads = 2, queued tasks = 0, completed tasks = 0]
14:38:43:911  INFO 8512 --- [SpringApplicationShutdownHook] com.alibaba.nacos.common.remote.client   : Close current connection 1716012602601_192.168.224.1_61496
14:38:43:915  INFO 8512 --- [nacos-grpc-client-executor-375] c.a.n.c.remote.client.grpc.GrpcClient    : [1716012602601_192.168.224.1_61496]Ignore complete event,isRunning:false,isAbandon=false
14:38:43:921  INFO 8512 --- [SpringApplicationShutdownHook] c.a.n.c.remote.client.grpc.GrpcClient    : Shutdown grpc executor java.util.concurrent.ThreadPoolExecutor@4da97ef[Running, pool size = 5, active threads = 0, queued tasks = 0, completed tasks = 376]
14:39:37:411  INFO 68132 --- [main] com.hmall.gateway.GatewayApplication     : The following 1 profile is active: "dev"
14:39:38:008  INFO 68132 --- [main] o.s.cloud.context.scope.GenericScope     : BeanFactory id=d1d0a184-7ed6-315a-9788-ea61111f508b
14:39:38:054  INFO 68132 --- [main] trationDelegate$BeanPostProcessorChecker : Bean 'org.springframework.cloud.client.loadbalancer.reactive.LoadBalancerBeanPostProcessorAutoConfiguration' of type [org.springframework.cloud.client.loadbalancer.reactive.LoadBalancerBeanPostProcessorAutoConfiguration] is not eligible for getting processed by all BeanPostProcessors (for example: not eligible for auto-proxying)
14:39:38:055  INFO 68132 --- [main] trationDelegate$BeanPostProcessorChecker : Bean 'org.springframework.cloud.client.loadbalancer.reactive.LoadBalancerBeanPostProcessorAutoConfiguration$ReactorDeferringLoadBalancerFilterConfig' of type [org.springframework.cloud.client.loadbalancer.reactive.LoadBalancerBeanPostProcessorAutoConfiguration$ReactorDeferringLoadBalancerFilterConfig] is not eligible for getting processed by all BeanPostProcessors (for example: not eligible for auto-proxying)
14:39:38:055  INFO 68132 --- [main] trationDelegate$BeanPostProcessorChecker : Bean 'reactorDeferringLoadBalancerExchangeFilterFunction' of type [org.springframework.cloud.client.loadbalancer.reactive.DeferringLoadBalancerExchangeFilterFunction] is not eligible for getting processed by all BeanPostProcessors (for example: not eligible for auto-proxying)
14:39:38:593 DEBUG 68132 --- [main] c.h.gateway.routers.DynamicRouteLoader   : 监听到路由配置信息: [
    {
        "id": "item",
        "predicates": [{
            "name": "Path",
            "args": {"_genkey_0":"/items/**", "_genkey_1":"/search/**"}
        }],
        "filters": [],
        "uri": "lb://item-service"
    },
    {
        "id": "cart",
        "predicates": [{
            "name": "Path",
            "args": {"_genkey_0":"/carts/**"}
        }],
        "filters": [],
        "uri": "lb://cart-service"
    },
    {
        "id": "user",
        "predicates": [{
            "name": "Path",
            "args": {"_genkey_0":"/users/**", "_genkey_1":"/addresses/**"}
        }],
        "filters": [],
        "uri": "lb://user-service"
    },
    {
        "id": "trade",
        "predicates": [{
            "name": "Path",
            "args": {"_genkey_0":"/orders/**"}
        }],
        "filters": [],
        "uri": "lb://trade-service"
    },
    {
        "id": "pay",
        "predicates": [{
            "name": "Path",
            "args": {"_genkey_0":"/pay-orders/**"}
        }],
        "filters": [],
        "uri": "lb://pay-service"
    }
]
14:39:40:363  INFO 68132 --- [main] o.s.c.g.r.RouteDefinitionRouteLocator    : Loaded RoutePredicateFactory [After]
14:39:40:363  INFO 68132 --- [main] o.s.c.g.r.RouteDefinitionRouteLocator    : Loaded RoutePredicateFactory [Before]
14:39:40:363  INFO 68132 --- [main] o.s.c.g.r.RouteDefinitionRouteLocator    : Loaded RoutePredicateFactory [Between]
14:39:40:363  INFO 68132 --- [main] o.s.c.g.r.RouteDefinitionRouteLocator    : Loaded RoutePredicateFactory [Cookie]
14:39:40:363  INFO 68132 --- [main] o.s.c.g.r.RouteDefinitionRouteLocator    : Loaded RoutePredicateFactory [Header]
14:39:40:363  INFO 68132 --- [main] o.s.c.g.r.RouteDefinitionRouteLocator    : Loaded RoutePredicateFactory [Host]
14:39:40:364  INFO 68132 --- [main] o.s.c.g.r.RouteDefinitionRouteLocator    : Loaded RoutePredicateFactory [Method]
14:39:40:364  INFO 68132 --- [main] o.s.c.g.r.RouteDefinitionRouteLocator    : Loaded RoutePredicateFactory [Path]
14:39:40:364  INFO 68132 --- [main] o.s.c.g.r.RouteDefinitionRouteLocator    : Loaded RoutePredicateFactory [Query]
14:39:40:364  INFO 68132 --- [main] o.s.c.g.r.RouteDefinitionRouteLocator    : Loaded RoutePredicateFactory [ReadBody]
14:39:40:364  INFO 68132 --- [main] o.s.c.g.r.RouteDefinitionRouteLocator    : Loaded RoutePredicateFactory [RemoteAddr]
14:39:40:364  INFO 68132 --- [main] o.s.c.g.r.RouteDefinitionRouteLocator    : Loaded RoutePredicateFactory [XForwardedRemoteAddr]
14:39:40:364  INFO 68132 --- [main] o.s.c.g.r.RouteDefinitionRouteLocator    : Loaded RoutePredicateFactory [Weight]
14:39:40:364  INFO 68132 --- [main] o.s.c.g.r.RouteDefinitionRouteLocator    : Loaded RoutePredicateFactory [CloudFoundryRouteService]
14:39:41:355  INFO 68132 --- [main] com.alibaba.nacos.common.remote.client   : [RpcClientFactory] create a new rpc client of c9bf61e2-9ce6-4fc5-ae0d-bf489e0c38fa
14:39:41:356  INFO 68132 --- [main] com.alibaba.nacos.common.remote.client   : [c9bf61e2-9ce6-4fc5-ae0d-bf489e0c38fa] RpcClient init label, labels = {module=naming, source=sdk}
14:39:41:357  INFO 68132 --- [main] com.alibaba.nacos.common.remote.client   : [c9bf61e2-9ce6-4fc5-ae0d-bf489e0c38fa] RpcClient init, ServerListFactory = com.alibaba.nacos.client.naming.core.ServerListManager
14:39:41:357  INFO 68132 --- [main] com.alibaba.nacos.common.remote.client   : [c9bf61e2-9ce6-4fc5-ae0d-bf489e0c38fa] Registry connection listener to current client:com.alibaba.nacos.client.naming.remote.gprc.redo.NamingGrpcRedoService
14:39:41:358  INFO 68132 --- [main] com.alibaba.nacos.common.remote.client   : [c9bf61e2-9ce6-4fc5-ae0d-bf489e0c38fa] Register server push request handler:com.alibaba.nacos.client.naming.remote.gprc.NamingPushRequestHandler
14:39:41:358  INFO 68132 --- [main] com.alibaba.nacos.common.remote.client   : [c9bf61e2-9ce6-4fc5-ae0d-bf489e0c38fa] Try to connect to server on start up, server: {serverIp = '192.168.224.128', server main port = 8848}
14:39:41:481  INFO 68132 --- [main] com.alibaba.nacos.common.remote.client   : [c9bf61e2-9ce6-4fc5-ae0d-bf489e0c38fa] Success to connect to server [192.168.224.128:8848] on start up, connectionId = 1716014381377_192.168.224.1_63741
14:39:41:481  INFO 68132 --- [main] com.alibaba.nacos.common.remote.client   : [c9bf61e2-9ce6-4fc5-ae0d-bf489e0c38fa] Register server push request handler:com.alibaba.nacos.common.remote.client.RpcClient$ConnectResetRequestHandler
14:39:41:481  INFO 68132 --- [main] com.alibaba.nacos.common.remote.client   : [c9bf61e2-9ce6-4fc5-ae0d-bf489e0c38fa] Register server push request handler:com.alibaba.nacos.common.remote.client.RpcClient$$Lambda$465/0x0000000800446440
14:39:41:481  INFO 68132 --- [com.alibaba.nacos.client.remote.worker] com.alibaba.nacos.common.remote.client   : [c9bf61e2-9ce6-4fc5-ae0d-bf489e0c38fa] Notify connected event to listeners.
14:39:42:073  INFO 68132 --- [nacos-grpc-client-executor-4] com.alibaba.nacos.common.remote.client   : [c9bf61e2-9ce6-4fc5-ae0d-bf489e0c38fa] Receive server push request, request = NotifySubscriberRequest, requestId = 19
14:39:42:075  INFO 68132 --- [nacos-grpc-client-executor-4] com.alibaba.nacos.common.remote.client   : [c9bf61e2-9ce6-4fc5-ae0d-bf489e0c38fa] Ack server push request, request = NotifySubscriberRequest, requestId = 19
14:39:42:146  INFO 68132 --- [main] o.s.b.web.embedded.netty.NettyWebServer  : Netty started on port 8080
14:39:43:485  INFO 68132 --- [main] c.a.c.n.registry.NacosServiceRegistry    : nacos registry, DEFAULT_GROUP gateway 192.168.3.59:8080 register finished
14:39:43:500  INFO 68132 --- [main] com.hmall.gateway.GatewayApplication     : Started GatewayApplication in 11.805 seconds (JVM running for 13.285)
14:39:43:502  INFO 68132 --- [main] c.a.c.n.refresh.NacosContextRefresher    : [Nacos Config] Listening config: dataId=gateway.yml, group=DEFAULT_GROUP
14:39:43:503  INFO 68132 --- [main] c.a.c.n.refresh.NacosContextRefresher    : [Nacos Config] Listening config: dataId=gateway, group=DEFAULT_GROUP
14:39:43:503  INFO 68132 --- [main] c.a.c.n.refresh.NacosContextRefresher    : [Nacos Config] Listening config: dataId=gateway-dev.yml, group=DEFAULT_GROUP
14:39:44:073  INFO 68132 --- [nacos-grpc-client-executor-7] com.alibaba.nacos.common.remote.client   : [c9bf61e2-9ce6-4fc5-ae0d-bf489e0c38fa] Receive server push request, request = NotifySubscriberRequest, requestId = 20
14:39:44:078  INFO 68132 --- [nacos-grpc-client-executor-7] com.alibaba.nacos.common.remote.client   : [c9bf61e2-9ce6-4fc5-ae0d-bf489e0c38fa] Ack server push request, request = NotifySubscriberRequest, requestId = 20
15:10:02:073  WARN 68132 --- [boundedElastic-1] o.s.c.l.core.RoundRobinLoadBalancer      : No servers available for service: user-service
15:10:02:628  INFO 68132 --- [nacos-grpc-client-executor-373] com.alibaba.nacos.common.remote.client   : [c9bf61e2-9ce6-4fc5-ae0d-bf489e0c38fa] Receive server push request, request = NotifySubscriberRequest, requestId = 24
15:10:02:628  INFO 68132 --- [nacos-grpc-client-executor-373] com.alibaba.nacos.common.remote.client   : [c9bf61e2-9ce6-4fc5-ae0d-bf489e0c38fa] Ack server push request, request = NotifySubscriberRequest, requestId = 24
15:10:19:347  INFO 68132 --- [nacos-grpc-client-executor-378] com.alibaba.nacos.common.remote.client   : [c9bf61e2-9ce6-4fc5-ae0d-bf489e0c38fa] Receive server push request, request = NotifySubscriberRequest, requestId = 26
15:10:19:348  INFO 68132 --- [nacos-grpc-client-executor-378] com.alibaba.nacos.common.remote.client   : [c9bf61e2-9ce6-4fc5-ae0d-bf489e0c38fa] Ack server push request, request = NotifySubscriberRequest, requestId = 26
15:10:23:680  INFO 68132 --- [nacos-grpc-client-executor-380] com.alibaba.nacos.common.remote.client   : [c9bf61e2-9ce6-4fc5-ae0d-bf489e0c38fa] Receive server push request, request = NotifySubscriberRequest, requestId = 27
15:10:23:680  INFO 68132 --- [nacos-grpc-client-executor-380] com.alibaba.nacos.common.remote.client   : [c9bf61e2-9ce6-4fc5-ae0d-bf489e0c38fa] Ack server push request, request = NotifySubscriberRequest, requestId = 27
16:03:43:072  INFO 68132 --- [nacos-grpc-client-executor-1029] com.alibaba.nacos.common.remote.client   : [c9bf61e2-9ce6-4fc5-ae0d-bf489e0c38fa] Receive server push request, request = NotifySubscriberRequest, requestId = 29
16:03:43:074  INFO 68132 --- [nacos-grpc-client-executor-1029] com.alibaba.nacos.common.remote.client   : [c9bf61e2-9ce6-4fc5-ae0d-bf489e0c38fa] Ack server push request, request = NotifySubscriberRequest, requestId = 29
16:03:58:377  INFO 68132 --- [nacos-grpc-client-executor-1033] com.alibaba.nacos.common.remote.client   : [c9bf61e2-9ce6-4fc5-ae0d-bf489e0c38fa] Receive server push request, request = NotifySubscriberRequest, requestId = 31
16:03:58:379  INFO 68132 --- [nacos-grpc-client-executor-1033] com.alibaba.nacos.common.remote.client   : [c9bf61e2-9ce6-4fc5-ae0d-bf489e0c38fa] Ack server push request, request = NotifySubscriberRequest, requestId = 31
16:12:55:790  INFO 68132 --- [nacos-grpc-client-executor-1141] com.alibaba.nacos.common.remote.client   : [c9bf61e2-9ce6-4fc5-ae0d-bf489e0c38fa] Receive server push request, request = NotifySubscriberRequest, requestId = 32
16:12:55:792  INFO 68132 --- [nacos-grpc-client-executor-1141] com.alibaba.nacos.common.remote.client   : [c9bf61e2-9ce6-4fc5-ae0d-bf489e0c38fa] Ack server push request, request = NotifySubscriberRequest, requestId = 32
16:13:11:103  INFO 68132 --- [nacos-grpc-client-executor-1144] com.alibaba.nacos.common.remote.client   : [c9bf61e2-9ce6-4fc5-ae0d-bf489e0c38fa] Receive server push request, request = NotifySubscriberRequest, requestId = 34
16:13:11:106  INFO 68132 --- [nacos-grpc-client-executor-1144] com.alibaba.nacos.common.remote.client   : [c9bf61e2-9ce6-4fc5-ae0d-bf489e0c38fa] Ack server push request, request = NotifySubscriberRequest, requestId = 34
16:15:23:243 ERROR 68132 --- [reactor-http-nio-3] a.w.r.e.AbstractErrorWebExceptionHandler : [9edcae2a-26]  500 Server Error for HTTP PUT "/carts"

io.netty.channel.AbstractChannel$AnnotatedConnectException: Connection refused: no further information: /192.168.3.59:8082
	Suppressed: reactor.core.publisher.FluxOnAssembly$OnAssemblyException: 
Error has been observed at the following site(s):
	*__checkpoint ⇢ org.springframework.cloud.gateway.filter.WeightCalculatorWebFilter [DefaultWebFilterChain]
	*__checkpoint ⇢ HTTP PUT "/carts" [ExceptionHandlingWebHandler]
Original Stack Trace:
Caused by: java.net.ConnectException: Connection refused: no further information
	at java.base/sun.nio.ch.SocketChannelImpl.checkConnect(Native Method) ~[na:na]
	at java.base/sun.nio.ch.SocketChannelImpl.finishConnect(SocketChannelImpl.java:779) ~[na:na]
	at io.netty.channel.socket.nio.NioSocketChannel.doFinishConnect(NioSocketChannel.java:337) ~[netty-transport-4.1.92.Final.jar:4.1.92.Final]
	at io.netty.channel.nio.AbstractNioChannel$AbstractNioUnsafe.finishConnect(AbstractNioChannel.java:334) ~[netty-transport-4.1.92.Final.jar:4.1.92.Final]
	at io.netty.channel.nio.NioEventLoop.processSelectedKey(NioEventLoop.java:776) ~[netty-transport-4.1.92.Final.jar:4.1.92.Final]
	at io.netty.channel.nio.NioEventLoop.processSelectedKeysOptimized(NioEventLoop.java:724) ~[netty-transport-4.1.92.Final.jar:4.1.92.Final]
	at io.netty.channel.nio.NioEventLoop.processSelectedKeys(NioEventLoop.java:650) ~[netty-transport-4.1.92.Final.jar:4.1.92.Final]
	at io.netty.channel.nio.NioEventLoop.run(NioEventLoop.java:562) ~[netty-transport-4.1.92.Final.jar:4.1.92.Final]
	at io.netty.util.concurrent.SingleThreadEventExecutor$4.run(SingleThreadEventExecutor.java:997) ~[netty-common-4.1.92.Final.jar:4.1.92.Final]
	at io.netty.util.internal.ThreadExecutorMap$2.run(ThreadExecutorMap.java:74) ~[netty-common-4.1.92.Final.jar:4.1.92.Final]
	at io.netty.util.concurrent.FastThreadLocalRunnable.run(FastThreadLocalRunnable.java:30) ~[netty-common-4.1.92.Final.jar:4.1.92.Final]
	at java.base/java.lang.Thread.run(Thread.java:834) ~[na:na]

16:15:36:357 ERROR 68132 --- [reactor-http-nio-4] a.w.r.e.AbstractErrorWebExceptionHandler : [6d926b2e-27]  500 Server Error for HTTP PUT "/carts"

io.netty.channel.AbstractChannel$AnnotatedConnectException: Connection refused: no further information: /192.168.3.59:8082
	Suppressed: reactor.core.publisher.FluxOnAssembly$OnAssemblyException: 
Error has been observed at the following site(s):
	*__checkpoint ⇢ org.springframework.cloud.gateway.filter.WeightCalculatorWebFilter [DefaultWebFilterChain]
	*__checkpoint ⇢ HTTP PUT "/carts" [ExceptionHandlingWebHandler]
Original Stack Trace:
Caused by: java.net.ConnectException: Connection refused: no further information
	at java.base/sun.nio.ch.SocketChannelImpl.checkConnect(Native Method) ~[na:na]
	at java.base/sun.nio.ch.SocketChannelImpl.finishConnect(SocketChannelImpl.java:779) ~[na:na]
	at io.netty.channel.socket.nio.NioSocketChannel.doFinishConnect(NioSocketChannel.java:337) ~[netty-transport-4.1.92.Final.jar:4.1.92.Final]
	at io.netty.channel.nio.AbstractNioChannel$AbstractNioUnsafe.finishConnect(AbstractNioChannel.java:334) ~[netty-transport-4.1.92.Final.jar:4.1.92.Final]
	at io.netty.channel.nio.NioEventLoop.processSelectedKey(NioEventLoop.java:776) ~[netty-transport-4.1.92.Final.jar:4.1.92.Final]
	at io.netty.channel.nio.NioEventLoop.processSelectedKeysOptimized(NioEventLoop.java:724) ~[netty-transport-4.1.92.Final.jar:4.1.92.Final]
	at io.netty.channel.nio.NioEventLoop.processSelectedKeys(NioEventLoop.java:650) ~[netty-transport-4.1.92.Final.jar:4.1.92.Final]
	at io.netty.channel.nio.NioEventLoop.run(NioEventLoop.java:562) ~[netty-transport-4.1.92.Final.jar:4.1.92.Final]
	at io.netty.util.concurrent.SingleThreadEventExecutor$4.run(SingleThreadEventExecutor.java:997) ~[netty-common-4.1.92.Final.jar:4.1.92.Final]
	at io.netty.util.internal.ThreadExecutorMap$2.run(ThreadExecutorMap.java:74) ~[netty-common-4.1.92.Final.jar:4.1.92.Final]
	at io.netty.util.concurrent.FastThreadLocalRunnable.run(FastThreadLocalRunnable.java:30) ~[netty-common-4.1.92.Final.jar:4.1.92.Final]
	at java.base/java.lang.Thread.run(Thread.java:834) ~[na:na]

16:15:42:745 ERROR 68132 --- [reactor-http-nio-6] a.w.r.e.AbstractErrorWebExceptionHandler : [f6b1e34a-29]  500 Server Error for HTTP PUT "/carts"

io.netty.channel.AbstractChannel$AnnotatedConnectException: Connection refused: no further information: /192.168.3.59:8082
	Suppressed: reactor.core.publisher.FluxOnAssembly$OnAssemblyException: 
Error has been observed at the following site(s):
	*__checkpoint ⇢ org.springframework.cloud.gateway.filter.WeightCalculatorWebFilter [DefaultWebFilterChain]
	*__checkpoint ⇢ HTTP PUT "/carts" [ExceptionHandlingWebHandler]
Original Stack Trace:
Caused by: java.net.ConnectException: Connection refused: no further information
	at java.base/sun.nio.ch.SocketChannelImpl.checkConnect(Native Method) ~[na:na]
	at java.base/sun.nio.ch.SocketChannelImpl.finishConnect(SocketChannelImpl.java:779) ~[na:na]
	at io.netty.channel.socket.nio.NioSocketChannel.doFinishConnect(NioSocketChannel.java:337) ~[netty-transport-4.1.92.Final.jar:4.1.92.Final]
	at io.netty.channel.nio.AbstractNioChannel$AbstractNioUnsafe.finishConnect(AbstractNioChannel.java:334) ~[netty-transport-4.1.92.Final.jar:4.1.92.Final]
	at io.netty.channel.nio.NioEventLoop.processSelectedKey(NioEventLoop.java:776) ~[netty-transport-4.1.92.Final.jar:4.1.92.Final]
	at io.netty.channel.nio.NioEventLoop.processSelectedKeysOptimized(NioEventLoop.java:724) ~[netty-transport-4.1.92.Final.jar:4.1.92.Final]
	at io.netty.channel.nio.NioEventLoop.processSelectedKeys(NioEventLoop.java:650) ~[netty-transport-4.1.92.Final.jar:4.1.92.Final]
	at io.netty.channel.nio.NioEventLoop.run(NioEventLoop.java:562) ~[netty-transport-4.1.92.Final.jar:4.1.92.Final]
	at io.netty.util.concurrent.SingleThreadEventExecutor$4.run(SingleThreadEventExecutor.java:997) ~[netty-common-4.1.92.Final.jar:4.1.92.Final]
	at io.netty.util.internal.ThreadExecutorMap$2.run(ThreadExecutorMap.java:74) ~[netty-common-4.1.92.Final.jar:4.1.92.Final]
	at io.netty.util.concurrent.FastThreadLocalRunnable.run(FastThreadLocalRunnable.java:30) ~[netty-common-4.1.92.Final.jar:4.1.92.Final]
	at java.base/java.lang.Thread.run(Thread.java:834) ~[na:na]

16:15:43:789 ERROR 68132 --- [reactor-http-nio-7] a.w.r.e.AbstractErrorWebExceptionHandler : [bb4c26f9-30]  500 Server Error for HTTP PUT "/carts"

io.netty.channel.AbstractChannel$AnnotatedConnectException: Connection refused: no further information: /192.168.3.59:8082
	Suppressed: reactor.core.publisher.FluxOnAssembly$OnAssemblyException: 
Error has been observed at the following site(s):
	*__checkpoint ⇢ org.springframework.cloud.gateway.filter.WeightCalculatorWebFilter [DefaultWebFilterChain]
	*__checkpoint ⇢ HTTP PUT "/carts" [ExceptionHandlingWebHandler]
Original Stack Trace:
Caused by: java.net.ConnectException: Connection refused: no further information
	at java.base/sun.nio.ch.SocketChannelImpl.checkConnect(Native Method) ~[na:na]
	at java.base/sun.nio.ch.SocketChannelImpl.finishConnect(SocketChannelImpl.java:779) ~[na:na]
	at io.netty.channel.socket.nio.NioSocketChannel.doFinishConnect(NioSocketChannel.java:337) ~[netty-transport-4.1.92.Final.jar:4.1.92.Final]
	at io.netty.channel.nio.AbstractNioChannel$AbstractNioUnsafe.finishConnect(AbstractNioChannel.java:334) ~[netty-transport-4.1.92.Final.jar:4.1.92.Final]
	at io.netty.channel.nio.NioEventLoop.processSelectedKey(NioEventLoop.java:776) ~[netty-transport-4.1.92.Final.jar:4.1.92.Final]
	at io.netty.channel.nio.NioEventLoop.processSelectedKeysOptimized(NioEventLoop.java:724) ~[netty-transport-4.1.92.Final.jar:4.1.92.Final]
	at io.netty.channel.nio.NioEventLoop.processSelectedKeys(NioEventLoop.java:650) ~[netty-transport-4.1.92.Final.jar:4.1.92.Final]
	at io.netty.channel.nio.NioEventLoop.run(NioEventLoop.java:562) ~[netty-transport-4.1.92.Final.jar:4.1.92.Final]
	at io.netty.util.concurrent.SingleThreadEventExecutor$4.run(SingleThreadEventExecutor.java:997) ~[netty-common-4.1.92.Final.jar:4.1.92.Final]
	at io.netty.util.internal.ThreadExecutorMap$2.run(ThreadExecutorMap.java:74) ~[netty-common-4.1.92.Final.jar:4.1.92.Final]
	at io.netty.util.concurrent.FastThreadLocalRunnable.run(FastThreadLocalRunnable.java:30) ~[netty-common-4.1.92.Final.jar:4.1.92.Final]
	at java.base/java.lang.Thread.run(Thread.java:834) ~[na:na]

16:17:31:521 ERROR 68132 --- [reactor-http-nio-10] a.w.r.e.AbstractErrorWebExceptionHandler : [303ba282-32]  500 Server Error for HTTP PUT "/carts"

io.netty.channel.AbstractChannel$AnnotatedConnectException: Connection refused: no further information: /192.168.3.59:8082
	Suppressed: reactor.core.publisher.FluxOnAssembly$OnAssemblyException: 
Error has been observed at the following site(s):
	*__checkpoint ⇢ org.springframework.cloud.gateway.filter.WeightCalculatorWebFilter [DefaultWebFilterChain]
	*__checkpoint ⇢ HTTP PUT "/carts" [ExceptionHandlingWebHandler]
Original Stack Trace:
Caused by: java.net.ConnectException: Connection refused: no further information
	at java.base/sun.nio.ch.SocketChannelImpl.checkConnect(Native Method) ~[na:na]
	at java.base/sun.nio.ch.SocketChannelImpl.finishConnect(SocketChannelImpl.java:779) ~[na:na]
	at io.netty.channel.socket.nio.NioSocketChannel.doFinishConnect(NioSocketChannel.java:337) ~[netty-transport-4.1.92.Final.jar:4.1.92.Final]
	at io.netty.channel.nio.AbstractNioChannel$AbstractNioUnsafe.finishConnect(AbstractNioChannel.java:334) ~[netty-transport-4.1.92.Final.jar:4.1.92.Final]
	at io.netty.channel.nio.NioEventLoop.processSelectedKey(NioEventLoop.java:776) ~[netty-transport-4.1.92.Final.jar:4.1.92.Final]
	at io.netty.channel.nio.NioEventLoop.processSelectedKeysOptimized(NioEventLoop.java:724) ~[netty-transport-4.1.92.Final.jar:4.1.92.Final]
	at io.netty.channel.nio.NioEventLoop.processSelectedKeys(NioEventLoop.java:650) ~[netty-transport-4.1.92.Final.jar:4.1.92.Final]
	at io.netty.channel.nio.NioEventLoop.run(NioEventLoop.java:562) ~[netty-transport-4.1.92.Final.jar:4.1.92.Final]
	at io.netty.util.concurrent.SingleThreadEventExecutor$4.run(SingleThreadEventExecutor.java:997) ~[netty-common-4.1.92.Final.jar:4.1.92.Final]
	at io.netty.util.internal.ThreadExecutorMap$2.run(ThreadExecutorMap.java:74) ~[netty-common-4.1.92.Final.jar:4.1.92.Final]
	at io.netty.util.concurrent.FastThreadLocalRunnable.run(FastThreadLocalRunnable.java:30) ~[netty-common-4.1.92.Final.jar:4.1.92.Final]
	at java.base/java.lang.Thread.run(Thread.java:834) ~[na:na]

16:18:13:205 ERROR 68132 --- [reactor-http-nio-12] a.w.r.e.AbstractErrorWebExceptionHandler : [2477d7e0-33]  500 Server Error for HTTP GET "/carts"

io.netty.channel.AbstractChannel$AnnotatedConnectException: Connection refused: no further information: /192.168.3.59:8082
	Suppressed: reactor.core.publisher.FluxOnAssembly$OnAssemblyException: 
Error has been observed at the following site(s):
	*__checkpoint ⇢ org.springframework.cloud.gateway.filter.WeightCalculatorWebFilter [DefaultWebFilterChain]
	*__checkpoint ⇢ HTTP GET "/carts" [ExceptionHandlingWebHandler]
Original Stack Trace:
Caused by: java.net.ConnectException: Connection refused: no further information
	at java.base/sun.nio.ch.SocketChannelImpl.checkConnect(Native Method) ~[na:na]
	at java.base/sun.nio.ch.SocketChannelImpl.finishConnect(SocketChannelImpl.java:779) ~[na:na]
	at io.netty.channel.socket.nio.NioSocketChannel.doFinishConnect(NioSocketChannel.java:337) ~[netty-transport-4.1.92.Final.jar:4.1.92.Final]
	at io.netty.channel.nio.AbstractNioChannel$AbstractNioUnsafe.finishConnect(AbstractNioChannel.java:334) ~[netty-transport-4.1.92.Final.jar:4.1.92.Final]
	at io.netty.channel.nio.NioEventLoop.processSelectedKey(NioEventLoop.java:776) ~[netty-transport-4.1.92.Final.jar:4.1.92.Final]
	at io.netty.channel.nio.NioEventLoop.processSelectedKeysOptimized(NioEventLoop.java:724) ~[netty-transport-4.1.92.Final.jar:4.1.92.Final]
	at io.netty.channel.nio.NioEventLoop.processSelectedKeys(NioEventLoop.java:650) ~[netty-transport-4.1.92.Final.jar:4.1.92.Final]
	at io.netty.channel.nio.NioEventLoop.run(NioEventLoop.java:562) ~[netty-transport-4.1.92.Final.jar:4.1.92.Final]
	at io.netty.util.concurrent.SingleThreadEventExecutor$4.run(SingleThreadEventExecutor.java:997) ~[netty-common-4.1.92.Final.jar:4.1.92.Final]
	at io.netty.util.internal.ThreadExecutorMap$2.run(ThreadExecutorMap.java:74) ~[netty-common-4.1.92.Final.jar:4.1.92.Final]
	at io.netty.util.concurrent.FastThreadLocalRunnable.run(FastThreadLocalRunnable.java:30) ~[netty-common-4.1.92.Final.jar:4.1.92.Final]
	at java.base/java.lang.Thread.run(Thread.java:834) ~[na:na]

16:18:21:035 ERROR 68132 --- [reactor-http-nio-13] a.w.r.e.AbstractErrorWebExceptionHandler : [512054b9-34]  500 Server Error for HTTP GET "/carts"

io.netty.channel.AbstractChannel$AnnotatedConnectException: Connection refused: no further information: /192.168.3.59:8082
	Suppressed: reactor.core.publisher.FluxOnAssembly$OnAssemblyException: 
Error has been observed at the following site(s):
	*__checkpoint ⇢ org.springframework.cloud.gateway.filter.WeightCalculatorWebFilter [DefaultWebFilterChain]
	*__checkpoint ⇢ HTTP GET "/carts" [ExceptionHandlingWebHandler]
Original Stack Trace:
Caused by: java.net.ConnectException: Connection refused: no further information
	at java.base/sun.nio.ch.SocketChannelImpl.checkConnect(Native Method) ~[na:na]
	at java.base/sun.nio.ch.SocketChannelImpl.finishConnect(SocketChannelImpl.java:779) ~[na:na]
	at io.netty.channel.socket.nio.NioSocketChannel.doFinishConnect(NioSocketChannel.java:337) ~[netty-transport-4.1.92.Final.jar:4.1.92.Final]
	at io.netty.channel.nio.AbstractNioChannel$AbstractNioUnsafe.finishConnect(AbstractNioChannel.java:334) ~[netty-transport-4.1.92.Final.jar:4.1.92.Final]
	at io.netty.channel.nio.NioEventLoop.processSelectedKey(NioEventLoop.java:776) ~[netty-transport-4.1.92.Final.jar:4.1.92.Final]
	at io.netty.channel.nio.NioEventLoop.processSelectedKeysOptimized(NioEventLoop.java:724) ~[netty-transport-4.1.92.Final.jar:4.1.92.Final]
	at io.netty.channel.nio.NioEventLoop.processSelectedKeys(NioEventLoop.java:650) ~[netty-transport-4.1.92.Final.jar:4.1.92.Final]
	at io.netty.channel.nio.NioEventLoop.run(NioEventLoop.java:562) ~[netty-transport-4.1.92.Final.jar:4.1.92.Final]
	at io.netty.util.concurrent.SingleThreadEventExecutor$4.run(SingleThreadEventExecutor.java:997) ~[netty-common-4.1.92.Final.jar:4.1.92.Final]
	at io.netty.util.internal.ThreadExecutorMap$2.run(ThreadExecutorMap.java:74) ~[netty-common-4.1.92.Final.jar:4.1.92.Final]
	at io.netty.util.concurrent.FastThreadLocalRunnable.run(FastThreadLocalRunnable.java:30) ~[netty-common-4.1.92.Final.jar:4.1.92.Final]
	at java.base/java.lang.Thread.run(Thread.java:834) ~[na:na]

17:54:18:688  WARN 68132 --- [Thread-1] c.a.n.common.http.HttpClientBeanHolder   : [HttpClientBeanHolder] Start destroying common HttpClient
17:54:18:688  WARN 68132 --- [Thread-5] c.a.nacos.common.notify.NotifyCenter     : [NotifyCenter] Start destroying Publisher
17:54:18:690  WARN 68132 --- [Thread-5] c.a.nacos.common.notify.NotifyCenter     : [NotifyCenter] Destruction of the end
17:54:18:691  WARN 68132 --- [Thread-1] c.a.n.common.http.HttpClientBeanHolder   : [HttpClientBeanHolder] Destruction of the end
17:54:18:723  INFO 68132 --- [SpringApplicationShutdownHook] c.a.c.n.registry.NacosServiceRegistry    : De-registering from Nacos Server now...
17:54:18:729  INFO 68132 --- [SpringApplicationShutdownHook] c.a.c.n.registry.NacosServiceRegistry    : De-registration finished.
17:54:19:044  INFO 68132 --- [SpringApplicationShutdownHook] com.alibaba.nacos.common.remote.client   : Shutdown rpc client, set status to shutdown
17:54:19:044  INFO 68132 --- [SpringApplicationShutdownHook] com.alibaba.nacos.common.remote.client   : Shutdown client event executor java.util.concurrent.ScheduledThreadPoolExecutor@809435b[Running, pool size = 2, active threads = 2, queued tasks = 0, completed tasks = 0]
17:54:19:044  INFO 68132 --- [SpringApplicationShutdownHook] com.alibaba.nacos.common.remote.client   : Close current connection 1716014381377_192.168.224.1_63741
17:54:19:047  INFO 68132 --- [nacos-grpc-client-executor-2365] c.a.n.c.remote.client.grpc.GrpcClient    : [1716014381377_192.168.224.1_63741]Ignore complete event,isRunning:false,isAbandon=false
17:54:19:058  INFO 68132 --- [SpringApplicationShutdownHook] c.a.n.c.remote.client.grpc.GrpcClient    : Shutdown grpc executor java.util.concurrent.ThreadPoolExecutor@3bd5a9ad[Running, pool size = 5, active threads = 0, queued tasks = 0, completed tasks = 2366]
